0 info it worked if it ends with ok
1 verbose cli [ 'D:\\nvm\\nodejs\\node.exe',
1 verbose cli   'D:\\nvm\\nodejs\\node_modules\\npm\\bin\\npm-cli.js',
1 verbose cli   'install',
1 verbose cli   'sleep' ]
2 info using npm@3.10.3
3 info using node@v6.4.0
4 silly loadCurrentTree Starting
5 silly install loadCurrentTree
6 silly install readLocalPackageData
7 silly fetchPackageMetaData sleep
8 silly fetchNamedPackageData sleep
9 silly mapToRegistry name sleep
10 silly mapToRegistry using default registry
11 silly mapToRegistry registry https://registry.npmjs.org/
12 silly mapToRegistry data Result {
12 silly mapToRegistry   raw: 'sleep',
12 silly mapToRegistry   scope: null,
12 silly mapToRegistry   escapedName: 'sleep',
12 silly mapToRegistry   name: 'sleep',
12 silly mapToRegistry   rawSpec: '',
12 silly mapToRegistry   spec: 'latest',
12 silly mapToRegistry   type: 'tag' }
13 silly mapToRegistry uri https://registry.npmjs.org/sleep
14 verbose request uri https://registry.npmjs.org/sleep
15 verbose request no auth needed
16 info attempt registry request try #1 at 00:03:53
17 verbose request id 2475b4a19c5a978e
18 http request GET https://registry.npmjs.org/sleep
19 http 200 https://registry.npmjs.org/sleep
20 verbose headers { date: 'Thu, 14 Mar 2019 16:03:56 GMT',
20 verbose headers   'content-type': 'application/json',
20 verbose headers   'transfer-encoding': 'chunked',
20 verbose headers   connection: 'keep-alive',
20 verbose headers   'set-cookie': [ '__cfduid=d6c09568601c4233819a4267238a3a8941552579436; expires=Fri, 13-Mar-20 16:03:56 GMT; path=/; domain=.registry.npmjs.org; HttpOnly' ],
20 verbose headers   'cf-cache-status': 'HIT',
20 verbose headers   'cache-control': 'max-age=300',
20 verbose headers   'cf-ray': '4b777b055a3f791e-LAX',
20 verbose headers   etag: 'W/"87ba187fd4c589b298a67767dd835525"',
20 verbose headers   'expect-ct': 'max-age=604800, report-uri="https://report-uri.cloudflare.com/cdn-cgi/beacon/expect-ct"',
20 verbose headers   'last-modified': 'Sat, 26 Jan 2019 16:52:45 GMT',
20 verbose headers   vary: 'accept-encoding, accept',
20 verbose headers   'x-amz-meta-rev': '79-2118b07775c42309aaacf51cd3be93d8',
20 verbose headers   server: 'cloudflare',
20 verbose headers   'content-encoding': 'gzip' }
21 silly get cb [ 200,
21 silly get   { date: 'Thu, 14 Mar 2019 16:03:56 GMT',
21 silly get     'content-type': 'application/json',
21 silly get     'transfer-encoding': 'chunked',
21 silly get     connection: 'keep-alive',
21 silly get     'set-cookie': [ '__cfduid=d6c09568601c4233819a4267238a3a8941552579436; expires=Fri, 13-Mar-20 16:03:56 GMT; path=/; domain=.registry.npmjs.org; HttpOnly' ],
21 silly get     'cf-cache-status': 'HIT',
21 silly get     'cache-control': 'max-age=300',
21 silly get     'cf-ray': '4b777b055a3f791e-LAX',
21 silly get     etag: 'W/"87ba187fd4c589b298a67767dd835525"',
21 silly get     'expect-ct': 'max-age=604800, report-uri="https://report-uri.cloudflare.com/cdn-cgi/beacon/expect-ct"',
21 silly get     'last-modified': 'Sat, 26 Jan 2019 16:52:45 GMT',
21 silly get     vary: 'accept-encoding, accept',
21 silly get     'x-amz-meta-rev': '79-2118b07775c42309aaacf51cd3be93d8',
21 silly get     server: 'cloudflare',
21 silly get     'content-encoding': 'gzip' } ]
22 verbose get saving sleep to C:\Users\董浩\AppData\Roaming\npm-cache\registry.npmjs.org\sleep\.cache.json
23 verbose correctMkdir C:\Users\董浩\AppData\Roaming\npm-cache correctMkdir not in flight; initializing
24 silly install normalizeTree
25 silly loadCurrentTree Finishing
26 silly loadIdealTree Starting
27 silly install loadIdealTree
28 silly cloneCurrentTree Starting
29 silly install cloneCurrentTreeToIdealTree
30 silly cloneCurrentTree Finishing
31 silly loadShrinkwrap Starting
32 silly install loadShrinkwrap
33 silly loadShrinkwrap Finishing
34 silly loadAllDepsIntoIdealTree Starting
35 silly install loadAllDepsIntoIdealTree
36 silly resolveWithNewModule sleep@6.0.0 checking installable status
37 silly cache add args [ 'sleep', null ]
38 verbose cache add spec sleep
39 silly cache add parsed spec Result {
39 silly cache add   raw: 'sleep',
39 silly cache add   scope: null,
39 silly cache add   escapedName: 'sleep',
39 silly cache add   name: 'sleep',
39 silly cache add   rawSpec: '',
39 silly cache add   spec: 'latest',
39 silly cache add   type: 'tag' }
40 silly addNamed sleep@latest
41 verbose addNamed "latest" is being treated as a dist-tag for sleep
42 info addNameTag [ 'sleep', 'latest' ]
43 silly mapToRegistry name sleep
44 silly mapToRegistry using default registry
45 silly mapToRegistry registry https://registry.npmjs.org/
46 silly mapToRegistry data Result {
46 silly mapToRegistry   raw: 'sleep',
46 silly mapToRegistry   scope: null,
46 silly mapToRegistry   escapedName: 'sleep',
46 silly mapToRegistry   name: 'sleep',
46 silly mapToRegistry   rawSpec: '',
46 silly mapToRegistry   spec: 'latest',
46 silly mapToRegistry   type: 'tag' }
47 silly mapToRegistry uri https://registry.npmjs.org/sleep
48 verbose addNameTag registry:https://registry.npmjs.org/sleep not in flight; fetching
49 verbose get https://registry.npmjs.org/sleep not expired, no request
50 silly addNameTag next cb for sleep with tag latest
51 silly addNamed sleep@6.0.0
52 verbose addNamed "6.0.0" is a plain semver version for sleep
53 silly mapToRegistry name sleep
54 silly mapToRegistry using default registry
55 silly mapToRegistry registry https://registry.npmjs.org/
56 silly mapToRegistry data Result {
56 silly mapToRegistry   raw: 'sleep',
56 silly mapToRegistry   scope: null,
56 silly mapToRegistry   escapedName: 'sleep',
56 silly mapToRegistry   name: 'sleep',
56 silly mapToRegistry   rawSpec: '',
56 silly mapToRegistry   spec: 'latest',
56 silly mapToRegistry   type: 'tag' }
57 silly mapToRegistry uri https://registry.npmjs.org/sleep
58 verbose addRemoteTarball https://registry.npmjs.org/sleep/-/sleep-6.0.0.tgz not in flight; adding
59 verbose addRemoteTarball [ 'https://registry.npmjs.org/sleep/-/sleep-6.0.0.tgz',
59 verbose addRemoteTarball   '70ec5a328f668f19dcc6caf9e070ab44e924eea2' ]
60 info retry fetch attempt 1 at 00:03:55
61 info attempt registry request try #1 at 00:03:55
62 http fetch GET https://registry.npmjs.org/sleep/-/sleep-6.0.0.tgz
63 http fetch 200 https://registry.npmjs.org/sleep/-/sleep-6.0.0.tgz
64 silly fetchAndShaCheck shasum 70ec5a328f668f19dcc6caf9e070ab44e924eea2
65 verbose addTmpTarball C:\Users\董浩\AppData\Local\Temp\npm-9132-1cb3a056\registry.npmjs.org\sleep\-\sleep-6.0.0.tgz not in flight; adding
66 verbose addTmpTarball already have metadata; skipping unpack for sleep@6.0.0
67 verbose correctMkdir C:\Users\董浩\AppData\Roaming\npm-cache correctMkdir not in flight; initializing
68 silly cache afterAdd sleep@6.0.0
69 verbose afterAdd C:\Users\董浩\AppData\Roaming\npm-cache\sleep\6.0.0\package\package.json not in flight; writing
70 verbose correctMkdir C:\Users\董浩\AppData\Roaming\npm-cache correctMkdir not in flight; initializing
71 verbose afterAdd C:\Users\董浩\AppData\Roaming\npm-cache\sleep\6.0.0\package\package.json written
72 silly fetchNamedPackageData nan
73 silly mapToRegistry name nan
74 silly mapToRegistry using default registry
75 silly mapToRegistry registry https://registry.npmjs.org/
76 silly mapToRegistry data Result {
76 silly mapToRegistry   raw: 'nan',
76 silly mapToRegistry   scope: null,
76 silly mapToRegistry   escapedName: 'nan',
76 silly mapToRegistry   name: 'nan',
76 silly mapToRegistry   rawSpec: '',
76 silly mapToRegistry   spec: 'latest',
76 silly mapToRegistry   type: 'tag' }
77 silly mapToRegistry uri https://registry.npmjs.org/nan
78 verbose request uri https://registry.npmjs.org/nan
79 verbose request no auth needed
80 info attempt registry request try #1 at 00:03:56
81 verbose etag W/"d3fbf46e08c4ad5dee07ffa0e4dac254"
82 verbose lastModified Sat, 29 Sep 2018 08:09:58 GMT
83 http request GET https://registry.npmjs.org/nan
84 http 200 https://registry.npmjs.org/nan
85 verbose headers { date: 'Thu, 14 Mar 2019 16:03:57 GMT',
85 verbose headers   'content-type': 'application/json',
85 verbose headers   'transfer-encoding': 'chunked',
85 verbose headers   connection: 'keep-alive',
85 verbose headers   'set-cookie': [ '__cfduid=d11a00e3b414fd68b477d402bb18bc3ee1552579437; expires=Fri, 13-Mar-20 16:03:57 GMT; path=/; domain=.registry.npmjs.org; HttpOnly' ],
85 verbose headers   'cf-cache-status': 'HIT',
85 verbose headers   'cache-control': 'max-age=300',
85 verbose headers   'cf-ray': '4b777b0f0ca9791e-LAX',
85 verbose headers   etag: 'W/"47318b1c2df6495c895c23c46c68599a"',
85 verbose headers   'expect-ct': 'max-age=604800, report-uri="https://report-uri.cloudflare.com/cdn-cgi/beacon/expect-ct"',
85 verbose headers   'last-modified': 'Wed, 13 Mar 2019 22:40:14 GMT',
85 verbose headers   vary: 'accept-encoding, accept',
85 verbose headers   'x-amz-meta-rev': '184-c63e3795437ddfc84a19d0c8141918bd',
85 verbose headers   server: 'cloudflare',
85 verbose headers   'content-encoding': 'gzip' }
86 silly get cb [ 200,
86 silly get   { date: 'Thu, 14 Mar 2019 16:03:57 GMT',
86 silly get     'content-type': 'application/json',
86 silly get     'transfer-encoding': 'chunked',
86 silly get     connection: 'keep-alive',
86 silly get     'set-cookie': [ '__cfduid=d11a00e3b414fd68b477d402bb18bc3ee1552579437; expires=Fri, 13-Mar-20 16:03:57 GMT; path=/; domain=.registry.npmjs.org; HttpOnly' ],
86 silly get     'cf-cache-status': 'HIT',
86 silly get     'cache-control': 'max-age=300',
86 silly get     'cf-ray': '4b777b0f0ca9791e-LAX',
86 silly get     etag: 'W/"47318b1c2df6495c895c23c46c68599a"',
86 silly get     'expect-ct': 'max-age=604800, report-uri="https://report-uri.cloudflare.com/cdn-cgi/beacon/expect-ct"',
86 silly get     'last-modified': 'Wed, 13 Mar 2019 22:40:14 GMT',
86 silly get     vary: 'accept-encoding, accept',
86 silly get     'x-amz-meta-rev': '184-c63e3795437ddfc84a19d0c8141918bd',
86 silly get     server: 'cloudflare',
86 silly get     'content-encoding': 'gzip' } ]
87 verbose get saving nan to C:\Users\董浩\AppData\Roaming\npm-cache\registry.npmjs.org\nan\.cache.json
88 verbose correctMkdir C:\Users\董浩\AppData\Roaming\npm-cache correctMkdir not in flight; initializing
89 silly resolveWithNewModule nan@2.13.0 checking installable status
90 silly cache add args [ 'nan@^2.12.1', null ]
91 verbose cache add spec nan@^2.12.1
92 silly cache add parsed spec Result {
92 silly cache add   raw: 'nan@^2.12.1',
92 silly cache add   scope: null,
92 silly cache add   escapedName: 'nan',
92 silly cache add   name: 'nan',
92 silly cache add   rawSpec: '^2.12.1',
92 silly cache add   spec: '>=2.12.1 <3.0.0',
92 silly cache add   type: 'range' }
93 silly addNamed nan@>=2.12.1 <3.0.0
94 verbose addNamed ">=2.12.1 <3.0.0" is a valid semver range for nan
95 silly addNameRange { name: 'nan', range: '>=2.12.1 <3.0.0', hasData: false }
96 silly mapToRegistry name nan
97 silly mapToRegistry using default registry
98 silly mapToRegistry registry https://registry.npmjs.org/
99 silly mapToRegistry data Result {
99 silly mapToRegistry   raw: 'nan',
99 silly mapToRegistry   scope: null,
99 silly mapToRegistry   escapedName: 'nan',
99 silly mapToRegistry   name: 'nan',
99 silly mapToRegistry   rawSpec: '',
99 silly mapToRegistry   spec: 'latest',
99 silly mapToRegistry   type: 'tag' }
100 silly mapToRegistry uri https://registry.npmjs.org/nan
101 verbose addNameRange registry:https://registry.npmjs.org/nan not in flight; fetching
102 verbose get https://registry.npmjs.org/nan not expired, no request
103 silly addNameRange number 2 { name: 'nan', range: '>=2.12.1 <3.0.0', hasData: true }
104 silly addNameRange versions [ 'nan',
104 silly addNameRange   [ '0.3.0-wip',
104 silly addNameRange     '0.3.0-wip2',
104 silly addNameRange     '0.3.0',
104 silly addNameRange     '0.3.1',
104 silly addNameRange     '0.3.2',
104 silly addNameRange     '0.4.0',
104 silly addNameRange     '0.4.1',
104 silly addNameRange     '0.4.2',
104 silly addNameRange     '0.4.3',
104 silly addNameRange     '0.4.4',
104 silly addNameRange     '0.5.0',
104 silly addNameRange     '0.5.1',
104 silly addNameRange     '0.5.2',
104 silly addNameRange     '0.6.0',
104 silly addNameRange     '0.7.0',
104 silly addNameRange     '0.7.1',
104 silly addNameRange     '0.8.0',
104 silly addNameRange     '1.0.0',
104 silly addNameRange     '1.1.0',
104 silly addNameRange     '1.1.1',
104 silly addNameRange     '1.1.2',
104 silly addNameRange     '1.2.0',
104 silly addNameRange     '1.3.0',
104 silly addNameRange     '1.4.0',
104 silly addNameRange     '1.4.1',
104 silly addNameRange     '1.5.0',
104 silly addNameRange     '1.4.2',
104 silly addNameRange     '1.4.3',
104 silly addNameRange     '1.5.1',
104 silly addNameRange     '1.5.2',
104 silly addNameRange     '1.6.0',
104 silly addNameRange     '1.5.3',
104 silly addNameRange     '1.6.1',
104 silly addNameRange     '1.6.2',
104 silly addNameRange     '1.7.0',
104 silly addNameRange     '1.8.0',
104 silly addNameRange     '1.8.1',
104 silly addNameRange     '1.8.2',
104 silly addNameRange     '1.8.3',
104 silly addNameRange     '1.8.4',
104 silly addNameRange     '1.9.0',
104 silly addNameRange     '2.0.0',
104 silly addNameRange     '2.0.1',
104 silly addNameRange     '2.0.2',
104 silly addNameRange     '2.0.3',
104 silly addNameRange     '2.0.4',
104 silly addNameRange     '2.0.5',
104 silly addNameRange     '2.0.6',
104 silly addNameRange     '2.0.7',
104 silly addNameRange     '2.0.8',
104 silly addNameRange     '2.0.9',
104 silly addNameRange     '2.1.0',
104 silly addNameRange     '2.2.0',
104 silly addNameRange     '2.2.1',
104 silly addNameRange     '2.3.0',
104 silly addNameRange     '2.3.1',
104 silly addNameRange     '2.3.2',
104 silly addNameRange     '2.3.3',
104 silly addNameRange     '2.3.4',
104 silly addNameRange     '2.3.5',
104 silly addNameRange     '2.4.0',
104 silly addNameRange     '2.5.0',
104 silly addNameRange     '2.5.1',
104 silly addNameRange     '2.6.0',
104 silly addNameRange     '2.6.1',
104 silly addNameRange     '2.6.2',
104 silly addNameRange     '2.7.0',
104 silly addNameRange     '2.8.0',
104 silly addNameRange     '2.9.1',
104 silly addNameRange     '2.9.2',
104 silly addNameRange     '2.10.0',
104 silly addNameRange     '2.11.0',
104 silly addNameRange     '2.11.1',
104 silly addNameRange     '2.12.0',
104 silly addNameRange     '2.12.1',
104 silly addNameRange     '2.13.0' ] ]
105 silly addNamed nan@2.13.0
106 verbose addNamed "2.13.0" is a plain semver version for nan
107 silly mapToRegistry name nan
108 silly mapToRegistry using default registry
109 silly mapToRegistry registry https://registry.npmjs.org/
110 silly mapToRegistry data Result {
110 silly mapToRegistry   raw: 'nan',
110 silly mapToRegistry   scope: null,
110 silly mapToRegistry   escapedName: 'nan',
110 silly mapToRegistry   name: 'nan',
110 silly mapToRegistry   rawSpec: '',
110 silly mapToRegistry   spec: 'latest',
110 silly mapToRegistry   type: 'tag' }
111 silly mapToRegistry uri https://registry.npmjs.org/nan
112 verbose addRemoteTarball https://registry.npmjs.org/nan/-/nan-2.13.0.tgz not in flight; adding
113 verbose addRemoteTarball [ 'https://registry.npmjs.org/nan/-/nan-2.13.0.tgz',
113 verbose addRemoteTarball   '7bdfc27dd3c060c46e60b62c72b74012d1a4cd68' ]
114 info retry fetch attempt 1 at 00:03:57
115 info attempt registry request try #1 at 00:03:57
116 http fetch GET https://registry.npmjs.org/nan/-/nan-2.13.0.tgz
117 http fetch 200 https://registry.npmjs.org/nan/-/nan-2.13.0.tgz
118 silly fetchAndShaCheck shasum 7bdfc27dd3c060c46e60b62c72b74012d1a4cd68
119 verbose addTmpTarball C:\Users\董浩\AppData\Local\Temp\npm-9132-1cb3a056\registry.npmjs.org\nan\-\nan-2.13.0.tgz not in flight; adding
120 verbose addTmpTarball already have metadata; skipping unpack for nan@2.13.0
121 verbose correctMkdir C:\Users\董浩\AppData\Roaming\npm-cache correctMkdir not in flight; initializing
122 silly cache afterAdd nan@2.13.0
123 verbose afterAdd C:\Users\董浩\AppData\Roaming\npm-cache\nan\2.13.0\package\package.json not in flight; writing
124 verbose correctMkdir C:\Users\董浩\AppData\Roaming\npm-cache correctMkdir not in flight; initializing
125 verbose afterAdd C:\Users\董浩\AppData\Roaming\npm-cache\nan\2.13.0\package\package.json written
126 silly loadAllDepsIntoIdealTree Finishing
127 silly loadIdealTree Finishing
128 silly currentTree pockmon-go@1.0.0
128 silly currentTree +-- abbrev@1.1.1
128 silly currentTree +-- accepts@1.2.13
128 silly currentTree +-- align-text@0.1.4
128 silly currentTree +-- ansi-regex@2.1.1
128 silly currentTree +-- ansi-styles@2.2.1
128 silly currentTree +-- argparse@1.0.10
128 silly currentTree | `-- sprintf-js@1.0.3
128 silly currentTree +-- array-find-index@1.0.2
128 silly currentTree +-- array-flatten@1.1.1
128 silly currentTree +-- asn1@0.1.11
128 silly currentTree +-- assert-plus@0.1.5
128 silly currentTree +-- async@2.6.2
128 silly currentTree | `-- lodash@4.17.11
128 silly currentTree +-- asynckit@0.4.0
128 silly currentTree +-- aws-sign2@0.6.0
128 silly currentTree +-- aws4@1.8.0
128 silly currentTree +-- balanced-match@1.0.0
128 silly currentTree +-- bcrypt-pbkdf@1.0.2
128 silly currentTree +-- bl@1.0.3
128 silly currentTree | +-- process-nextick-args@1.0.7
128 silly currentTree | +-- readable-stream@2.0.6
128 silly currentTree | `-- string_decoder@0.10.31
128 silly currentTree +-- bluebird@3.5.3
128 silly currentTree +-- body-parser@1.14.1
128 silly currentTree +-- boom@2.10.1
128 silly currentTree +-- brace-expansion@1.1.11
128 silly currentTree +-- browserify-zlib@0.1.4
128 silly currentTree +-- buffer-from@1.1.1
128 silly currentTree +-- bytes@2.1.0
128 silly currentTree +-- camelcase-keys@2.1.0
128 silly currentTree +-- camelcase@2.1.1
128 silly currentTree +-- caseless@0.11.0
128 silly currentTree +-- center-align@0.1.3
128 silly currentTree +-- chalk@1.1.1
128 silly currentTree +-- charenc@0.0.2
128 silly currentTree +-- clean-yaml-object@0.1.0
128 silly currentTree +-- cli@0.6.6
128 silly currentTree | +-- glob@3.2.11
128 silly currentTree | `-- minimatch@0.3.0
128 silly currentTree +-- cliui@2.1.0
128 silly currentTree +-- coffeescript@1.10.0
128 silly currentTree +-- color-convert@1.9.3
128 silly currentTree +-- color-name@1.1.3
128 silly currentTree +-- color-support@1.1.3
128 silly currentTree +-- colors@1.1.2
128 silly currentTree +-- combined-stream@1.0.7
128 silly currentTree +-- commander@2.19.0
128 silly currentTree +-- concat-map@0.0.1
128 silly currentTree +-- concat-stream@1.6.2
128 silly currentTree +-- configstore@1.4.0
128 silly currentTree +-- console-browserify@1.1.0
128 silly currentTree +-- content-disposition@0.5.0
128 silly currentTree +-- content-type@1.0.4
128 silly currentTree +-- cookie-signature@1.0.6
128 silly currentTree +-- cookie@0.1.3
128 silly currentTree +-- core-util-is@1.0.2
128 silly currentTree +-- coveralls@2.13.3
128 silly currentTree | +-- assert-plus@0.2.0
128 silly currentTree | +-- form-data@2.1.4
128 silly currentTree | +-- http-signature@1.1.1
128 silly currentTree | +-- js-yaml@3.6.1
128 silly currentTree | +-- minimist@1.2.0
128 silly currentTree | +-- qs@6.3.2
128 silly currentTree | +-- request@2.79.0
128 silly currentTree | +-- tough-cookie@2.3.4
128 silly currentTree | `-- uuid@3.3.2
128 silly currentTree +-- cross-spawn@4.0.2
128 silly currentTree | `-- lru-cache@4.1.5
128 silly currentTree +-- crypt@0.0.2
128 silly currentTree +-- cryptiles@2.0.5
128 silly currentTree +-- crypto-js@3.1.9-1
128 silly currentTree +-- ctype@0.5.3
128 silly currentTree +-- currently-unhandled@0.4.1
128 silly currentTree +-- dashdash@1.14.1
128 silly currentTree | `-- assert-plus@1.0.0
128 silly currentTree +-- date-now@0.1.4
128 silly currentTree +-- dateformat@1.0.12
128 silly currentTree +-- debug@2.2.0
128 silly currentTree +-- decamelize@1.2.0
128 silly currentTree +-- deep-extend@0.6.0
128 silly currentTree +-- deeper@2.1.0
128 silly currentTree +-- defekt@0.0.2
128 silly currentTree +-- define-properties@1.1.3
128 silly currentTree +-- delayed-stream@1.0.0
128 silly currentTree +-- depd@1.1.2
128 silly currentTree +-- destroy@1.0.3
128 silly currentTree +-- diff@1.4.0
128 silly currentTree +-- dom-serializer@0.1.1
128 silly currentTree | `-- entities@1.1.2
128 silly currentTree +-- domelementtype@1.3.1
128 silly currentTree +-- domhandler@2.3.0
128 silly currentTree +-- domutils@1.5.1
128 silly currentTree +-- duplexify@3.7.1
128 silly currentTree +-- ecc-jsbn@0.1.2
128 silly currentTree +-- ee-first@1.1.1
128 silly currentTree +-- end-of-stream@1.4.1
128 silly currentTree +-- ensurethat@0.2.2
128 silly currentTree | +-- lodash@3.2.0
128 silly currentTree | `-- require-all@1.0.0
128 silly currentTree +-- entities@1.0.0
128 silly currentTree +-- error-ex@1.3.2
128 silly currentTree +-- es-abstract@1.13.0
128 silly currentTree +-- es-to-primitive@1.2.0
128 silly currentTree +-- escape-html@1.0.2
128 silly currentTree +-- escape-string-regexp@1.0.5
128 silly currentTree +-- esprima@2.7.3
128 silly currentTree +-- etag@1.7.0
128 silly currentTree +-- eventemitter2@0.4.14
128 silly currentTree +-- events-to-array@1.1.2
128 silly currentTree +-- exit@0.1.2
128 silly currentTree +-- express@4.13.3
128 silly currentTree | +-- depd@1.0.1
128 silly currentTree | `-- qs@4.0.0
128 silly currentTree +-- extend@3.0.2
128 silly currentTree +-- extsprintf@1.3.0
128 silly currentTree +-- figures@1.7.0
128 silly currentTree +-- finalhandler@0.4.0
128 silly currentTree +-- find-root@0.1.1
128 silly currentTree +-- find-up@1.1.2
128 silly currentTree +-- findup-sync@0.3.0
128 silly currentTree | `-- glob@5.0.15
128 silly currentTree +-- flaschenpost@0.10.1
128 silly currentTree +-- foreground-child@1.5.6
128 silly currentTree +-- forever-agent@0.6.1
128 silly currentTree +-- form-data@1.0.1
128 silly currentTree +-- forwarded@0.1.2
128 silly currentTree +-- fresh@0.3.0
128 silly currentTree +-- fs.realpath@1.0.0
128 silly currentTree +-- function-bind@1.1.1
128 silly currentTree +-- generate-function@2.3.1
128 silly currentTree +-- generate-object-property@1.2.0
128 silly currentTree +-- get-stdin@4.0.1
128 silly currentTree +-- getobject@0.1.0
128 silly currentTree +-- getpass@0.1.7
128 silly currentTree | `-- assert-plus@1.0.0
128 silly currentTree +-- glob@7.0.6
128 silly currentTree +-- got@3.3.1
128 silly currentTree | `-- object-assign@3.0.0
128 silly currentTree +-- graceful-fs@4.1.15
128 silly currentTree +-- grunt-contrib-jshint@0.10.0
128 silly currentTree +-- grunt-contrib-nodeunit@0.4.1
128 silly currentTree +-- grunt-contrib-uglify@0.5.1
128 silly currentTree | +-- ansi-regex@0.2.1
128 silly currentTree | +-- ansi-styles@1.1.0
128 silly currentTree | +-- chalk@0.5.1
128 silly currentTree | +-- has-ansi@0.1.0
128 silly currentTree | +-- lodash@2.4.2
128 silly currentTree | +-- strip-ansi@0.3.0
128 silly currentTree | `-- supports-color@0.2.0
128 silly currentTree +-- grunt-known-options@1.1.1
128 silly currentTree +-- grunt-legacy-log-utils@2.0.1
128 silly currentTree | +-- ansi-styles@3.2.1
128 silly currentTree | +-- chalk@2.4.2
128 silly currentTree | +-- lodash@4.17.11
128 silly currentTree | `-- supports-color@5.5.0
128 silly currentTree +-- grunt-legacy-log@2.0.0
128 silly currentTree | `-- lodash@4.17.11
128 silly currentTree +-- grunt-legacy-util@1.1.1
128 silly currentTree | +-- async@1.5.2
128 silly currentTree | `-- lodash@4.17.11
128 silly currentTree +-- grunt@1.0.3
128 silly currentTree | +-- grunt-cli@1.2.0
128 silly currentTree | +-- iconv-lite@0.4.24
128 silly currentTree | `-- resolve@1.1.7
128 silly currentTree +-- gzip-size@0.2.0
128 silly currentTree +-- har-validator@2.0.6
128 silly currentTree +-- has-ansi@2.0.0
128 silly currentTree +-- has-flag@3.0.0
128 silly currentTree +-- has-symbols@1.0.0
128 silly currentTree +-- has@1.0.3
128 silly currentTree +-- hawk@3.1.3
128 silly currentTree +-- hoek@2.16.3
128 silly currentTree +-- hooker@0.2.3
128 silly currentTree +-- hosted-git-info@2.7.1
128 silly currentTree +-- htmlparser2@3.8.3
128 silly currentTree | +-- isarray@0.0.1
128 silly currentTree | +-- readable-stream@1.1.14
128 silly currentTree | `-- string_decoder@0.10.31
128 silly currentTree +-- http-errors@1.3.1
128 silly currentTree +-- http-signature@0.11.0
128 silly currentTree +-- iconv-lite@0.4.12
128 silly currentTree +-- imurmurhash@0.1.4
128 silly currentTree +-- indent-string@2.1.0
128 silly currentTree | `-- repeating@2.0.1
128 silly currentTree +-- infinity-agent@2.0.3
128 silly currentTree +-- inflight@1.0.6
128 silly currentTree +-- inherits@2.0.3
128 silly currentTree +-- ini@1.3.5
128 silly currentTree +-- ipaddr.js@1.0.5
128 silly currentTree +-- is-arrayish@0.2.1
128 silly currentTree +-- is-buffer@1.1.6
128 silly currentTree +-- is-callable@1.1.4
128 silly currentTree +-- is-date-object@1.0.1
128 silly currentTree +-- is-finite@1.0.2
128 silly currentTree +-- is-my-ip-valid@1.0.0
128 silly currentTree +-- is-my-json-valid@2.19.0
128 silly currentTree +-- is-npm@1.0.0
128 silly currentTree +-- is-plain-obj@1.1.0
128 silly currentTree +-- is-property@1.0.2
128 silly currentTree +-- is-redirect@1.0.0
128 silly currentTree +-- is-regex@1.0.4
128 silly currentTree +-- is-regexp@1.0.0
128 silly currentTree +-- is-stream@1.1.0
128 silly currentTree +-- is-symbol@1.0.2
128 silly currentTree +-- is-typedarray@1.0.0
128 silly currentTree +-- is-utf8@0.2.1
128 silly currentTree +-- isarray@1.0.0
128 silly currentTree +-- isexe@2.0.0
128 silly currentTree +-- isstream@0.1.2
128 silly currentTree +-- js-yaml@3.5.5
128 silly currentTree +-- jsbn@0.1.1
128 silly currentTree +-- jshint@2.5.11
128 silly currentTree | +-- minimatch@1.0.0
128 silly currentTree | `-- strip-json-comments@1.0.4
128 silly currentTree +-- json-schema@0.2.3
128 silly currentTree +-- json-stringify-safe@5.0.1
128 silly currentTree +-- jsonpointer@4.0.1
128 silly currentTree +-- jsprim@1.4.1
128 silly currentTree | `-- assert-plus@1.0.0
128 silly currentTree +-- kind-of@3.2.2
128 silly currentTree +-- latest-version@1.0.1
128 silly currentTree +-- lazy-cache@1.0.4
128 silly currentTree +-- lcov-parse@0.0.10
128 silly currentTree +-- load-json-file@1.1.0
128 silly currentTree +-- lodash@3.10.1
128 silly currentTree +-- log-driver@1.2.5
128 silly currentTree +-- longest@1.0.1
128 silly currentTree +-- loud-rejection@1.6.0
128 silly currentTree +-- lowercase-keys@1.0.1
128 silly currentTree +-- lru-cache@2.7.3
128 silly currentTree +-- map-obj@1.0.1
128 silly currentTree +-- maxmin@0.2.2
128 silly currentTree | +-- ansi-regex@0.2.1
128 silly currentTree | +-- ansi-styles@1.1.0
128 silly currentTree | +-- chalk@0.5.1
128 silly currentTree | +-- has-ansi@0.1.0
128 silly currentTree | +-- strip-ansi@0.3.0
128 silly currentTree | `-- supports-color@0.2.0
128 silly currentTree +-- media-typer@0.3.0
128 silly currentTree +-- meow@3.7.0
128 silly currentTree | `-- minimist@1.2.0
128 silly currentTree +-- merge-descriptors@1.0.0
128 silly currentTree +-- methods@1.1.2
128 silly currentTree +-- mime-db@1.38.0
128 silly currentTree +-- mime-types@2.1.22
128 silly currentTree +-- mime@1.3.4
128 silly currentTree +-- minimatch@3.0.4
128 silly currentTree +-- minimist@0.0.8
128 silly currentTree +-- mkdirp@0.5.1
128 silly currentTree +-- moment@2.10.6
128 silly currentTree +-- ms@0.7.1
128 silly currentTree +-- negotiator@0.5.3
128 silly currentTree +-- nested-error-stacks@1.0.2
128 silly currentTree +-- node-uuid@1.4.8
128 silly currentTree +-- nodeunit@0.9.5
128 silly currentTree +-- nopt@3.0.6
128 silly currentTree +-- normalize-package-data@2.5.0
128 silly currentTree +-- number-is-nan@1.0.1
128 silly currentTree +-- nyc@7.1.0
128 silly currentTree | +-- align-text@0.1.4
128 silly currentTree | +-- amdefine@1.0.0
128 silly currentTree | +-- ansi-regex@2.0.0
128 silly currentTree | +-- ansi-styles@2.2.1
128 silly currentTree | +-- append-transform@0.3.0
128 silly currentTree | +-- arr-diff@2.0.0
128 silly currentTree | +-- arr-flatten@1.0.1
128 silly currentTree | +-- array-unique@0.2.1
128 silly currentTree | +-- arrify@1.0.1
128 silly currentTree | +-- async@1.5.2
128 silly currentTree | +-- babel-code-frame@6.11.0
128 silly currentTree | +-- babel-generator@6.11.4
128 silly currentTree | +-- babel-messages@6.8.0
128 silly currentTree | +-- babel-runtime@6.9.2
128 silly currentTree | +-- babel-template@6.9.0
128 silly currentTree | +-- babel-traverse@6.11.4
128 silly currentTree | +-- babel-types@6.11.1
128 silly currentTree | +-- babylon@6.8.4
128 silly currentTree | +-- balanced-match@0.4.2
128 silly currentTree | +-- brace-expansion@1.1.6
128 silly currentTree | +-- braces@1.8.5
128 silly currentTree | +-- builtin-modules@1.1.1
128 silly currentTree | +-- caching-transform@1.0.1
128 silly currentTree | +-- camelcase@1.2.1
128 silly currentTree | +-- center-align@0.1.3
128 silly currentTree | +-- chalk@1.1.3
128 silly currentTree | +-- cliui@2.1.0
128 silly currentTree | | `-- wordwrap@0.0.2
128 silly currentTree | +-- code-point-at@1.0.0
128 silly currentTree | +-- commondir@1.0.1
128 silly currentTree | +-- concat-map@0.0.1
128 silly currentTree | +-- convert-source-map@1.3.0
128 silly currentTree | +-- core-js@2.4.1
128 silly currentTree | +-- cross-spawn@4.0.0
128 silly currentTree | +-- debug@2.2.0
128 silly currentTree | +-- decamelize@1.2.0
128 silly currentTree | +-- default-require-extensions@1.0.0
128 silly currentTree | +-- detect-indent@3.0.1
128 silly currentTree | | `-- minimist@1.2.0
128 silly currentTree | +-- error-ex@1.3.0
128 silly currentTree | +-- escape-string-regexp@1.0.5
128 silly currentTree | +-- esutils@2.0.2
128 silly currentTree | +-- expand-brackets@0.1.5
128 silly currentTree | +-- expand-range@1.8.2
128 silly currentTree | +-- extglob@0.3.2
128 silly currentTree | +-- filename-regex@2.0.0
128 silly currentTree | +-- fill-range@2.2.3
128 silly currentTree | +-- find-cache-dir@0.1.1
128 silly currentTree | +-- find-up@1.1.2
128 silly currentTree | +-- for-in@0.1.5
128 silly currentTree | +-- for-own@0.1.4
128 silly currentTree | +-- foreground-child@1.5.3
128 silly currentTree | +-- fs.realpath@1.0.0
128 silly currentTree | +-- get-caller-file@1.0.1
128 silly currentTree | +-- get-stdin@4.0.1
128 silly currentTree | +-- glob-base@0.3.0
128 silly currentTree | +-- glob-parent@2.0.0
128 silly currentTree | +-- glob@7.0.5
128 silly currentTree | +-- globals@8.18.0
128 silly currentTree | +-- graceful-fs@4.1.4
128 silly currentTree | +-- handlebars@4.0.5
128 silly currentTree | | `-- source-map@0.4.4
128 silly currentTree | +-- has-ansi@2.0.0
128 silly currentTree | +-- has-flag@1.0.0
128 silly currentTree | +-- hosted-git-info@2.1.5
128 silly currentTree | +-- imurmurhash@0.1.4
128 silly currentTree | +-- inflight@1.0.5
128 silly currentTree | +-- inherits@2.0.1
128 silly currentTree | +-- invariant@2.2.1
128 silly currentTree | +-- invert-kv@1.0.0
128 silly currentTree | +-- is-arrayish@0.2.1
128 silly currentTree | +-- is-buffer@1.1.3
128 silly currentTree | +-- is-builtin-module@1.0.0
128 silly currentTree | +-- is-dotfile@1.0.2
128 silly currentTree | +-- is-equal-shallow@0.1.3
128 silly currentTree | +-- is-extendable@0.1.1
128 silly currentTree | +-- is-extglob@1.0.0
128 silly currentTree | +-- is-finite@1.0.1
128 silly currentTree | +-- is-fullwidth-code-point@1.0.0
128 silly currentTree | +-- is-glob@2.0.1
128 silly currentTree | +-- is-number@2.1.0
128 silly currentTree | +-- is-posix-bracket@0.1.1
128 silly currentTree | +-- is-primitive@2.0.0
128 silly currentTree | +-- is-utf8@0.2.1
128 silly currentTree | +-- isarray@1.0.0
128 silly currentTree | +-- isexe@1.1.2
128 silly currentTree | +-- isobject@2.1.0
128 silly currentTree | +-- istanbul-lib-coverage@1.0.0-alpha.4
128 silly currentTree | +-- istanbul-lib-hook@1.0.0-alpha.4
128 silly currentTree | +-- istanbul-lib-instrument@1.1.0-alpha.4
128 silly currentTree | +-- istanbul-lib-report@1.0.0-alpha.3
128 silly currentTree | | `-- supports-color@3.1.2
128 silly currentTree | +-- istanbul-lib-source-maps@1.0.0-alpha.10
128 silly currentTree | +-- istanbul-reports@1.0.0-alpha.8
128 silly currentTree | +-- js-tokens@2.0.0
128 silly currentTree | +-- kind-of@3.0.3
128 silly currentTree | +-- lazy-cache@1.0.4
128 silly currentTree | +-- lcid@1.0.0
128 silly currentTree | +-- load-json-file@1.1.0
128 silly currentTree | +-- lodash.assign@4.0.9
128 silly currentTree | +-- lodash.keys@4.0.7
128 silly currentTree | +-- lodash.rest@4.0.3
128 silly currentTree | +-- lodash@4.13.1
128 silly currentTree | +-- longest@1.0.1
128 silly currentTree | +-- loose-envify@1.2.0
128 silly currentTree | | `-- js-tokens@1.0.3
128 silly currentTree | +-- lru-cache@4.0.1
128 silly currentTree | +-- md5-hex@1.3.0
128 silly currentTree | +-- md5-o-matic@0.1.1
128 silly currentTree | +-- micromatch@2.3.11
128 silly currentTree | +-- minimatch@3.0.2
128 silly currentTree | +-- minimist@0.0.8
128 silly currentTree | +-- mkdirp@0.5.1
128 silly currentTree | +-- ms@0.7.1
128 silly currentTree | +-- normalize-package-data@2.3.5
128 silly currentTree | +-- normalize-path@2.0.1
128 silly currentTree | +-- number-is-nan@1.0.0
128 silly currentTree | +-- object.omit@2.0.0
128 silly currentTree | +-- once@1.3.3
128 silly currentTree | +-- optimist@0.6.1
128 silly currentTree | +-- os-homedir@1.0.1
128 silly currentTree | +-- os-locale@1.4.0
128 silly currentTree | +-- parse-glob@3.0.4
128 silly currentTree | +-- parse-json@2.2.0
128 silly currentTree | +-- path-exists@2.1.0
128 silly currentTree | +-- path-is-absolute@1.0.0
128 silly currentTree | +-- path-parse@1.0.5
128 silly currentTree | +-- path-type@1.1.0
128 silly currentTree | +-- pify@2.3.0
128 silly currentTree | +-- pinkie-promise@2.0.1
128 silly currentTree | +-- pinkie@2.0.4
128 silly currentTree | +-- pkg-dir@1.0.0
128 silly currentTree | +-- pkg-up@1.0.0
128 silly currentTree | +-- preserve@0.2.0
128 silly currentTree | +-- pseudomap@1.0.2
128 silly currentTree | +-- randomatic@1.1.5
128 silly currentTree | +-- read-pkg-up@1.0.1
128 silly currentTree | +-- read-pkg@1.1.0
128 silly currentTree | +-- regenerator-runtime@0.9.5
128 silly currentTree | +-- regex-cache@0.4.3
128 silly currentTree | +-- repeat-element@1.1.2
128 silly currentTree | +-- repeat-string@1.5.4
128 silly currentTree | +-- repeating@1.1.3
128 silly currentTree | +-- require-directory@2.1.1
128 silly currentTree | +-- require-main-filename@1.0.1
128 silly currentTree | +-- resolve-from@2.0.0
128 silly currentTree | +-- right-align@0.1.3
128 silly currentTree | +-- rimraf@2.5.4
128 silly currentTree | +-- semver@5.3.0
128 silly currentTree | +-- set-blocking@2.0.0
128 silly currentTree | +-- signal-exit@3.0.0
128 silly currentTree | +-- slide@1.1.6
128 silly currentTree | +-- source-map@0.5.6
128 silly currentTree | +-- spawn-wrap@1.2.4
128 silly currentTree | | `-- signal-exit@2.1.2
128 silly currentTree | +-- spdx-correct@1.0.2
128 silly currentTree | +-- spdx-exceptions@1.0.5
128 silly currentTree | +-- spdx-expression-parse@1.0.2
128 silly currentTree | +-- spdx-license-ids@1.2.1
128 silly currentTree | +-- string-width@1.0.1
128 silly currentTree | +-- strip-ansi@3.0.1
128 silly currentTree | +-- strip-bom@2.0.0
128 silly currentTree | +-- supports-color@2.0.0
128 silly currentTree | +-- test-exclude@1.1.0
128 silly currentTree | +-- to-fast-properties@1.0.2
128 silly currentTree | +-- uglify-js@2.7.0
128 silly currentTree | | +-- async@0.2.10
128 silly currentTree | | `-- yargs@3.10.0
128 silly currentTree | +-- uglify-to-browserify@1.0.2
128 silly currentTree | +-- validate-npm-package-license@3.0.1
128 silly currentTree | +-- which-module@1.0.0
128 silly currentTree | +-- which@1.2.10
128 silly currentTree | +-- window-size@0.1.0
128 silly currentTree | +-- wordwrap@0.0.3
128 silly currentTree | +-- wrap-ansi@2.0.0
128 silly currentTree | +-- wrappy@1.0.2
128 silly currentTree | +-- write-file-atomic@1.1.4
128 silly currentTree | +-- y18n@3.2.1
128 silly currentTree | +-- yallist@2.0.0
128 silly currentTree | +-- yargs-parser@2.4.1
128 silly currentTree | | `-- camelcase@3.0.0
128 silly currentTree | `-- yargs@4.8.1
128 silly currentTree |   +-- cliui@3.2.0
128 silly currentTree |   `-- window-size@0.2.0
128 silly currentTree +-- oauth-sign@0.8.2
128 silly currentTree +-- object-assign@4.1.1
128 silly currentTree +-- object-keys@1.1.0
128 silly currentTree +-- on-finished@2.3.0
128 silly currentTree +-- once@1.4.0
128 silly currentTree +-- only-shallow@1.2.0
128 silly currentTree +-- opener@1.5.1
128 silly currentTree +-- os-homedir@1.0.2
128 silly currentTree +-- os-tmpdir@1.0.2
128 silly currentTree +-- osenv@0.1.5
128 silly currentTree +-- p2p@0.10.2
128 silly currentTree +-- package-json@1.2.0
128 silly currentTree +-- pako@0.2.9
128 silly currentTree +-- parse-duration@0.1.1
128 silly currentTree +-- parse-json@2.2.0
128 silly currentTree +-- parseurl@1.3.2
128 silly currentTree +-- path-exists@2.1.0
128 silly currentTree +-- path-is-absolute@1.0.1
128 silly currentTree +-- path-parse@1.0.6
128 silly currentTree +-- path-to-regexp@0.1.7
128 silly currentTree +-- path-type@1.1.0
128 silly currentTree +-- pify@2.3.0
128 silly currentTree +-- pinkie-promise@2.0.1
128 silly currentTree +-- pinkie@2.0.4
128 silly currentTree +-- prepend-http@1.0.4
128 silly currentTree +-- pretty-bytes@0.1.2
128 silly currentTree +-- process-nextick-args@2.0.0
128 silly currentTree +-- processenv@0.1.0
128 silly currentTree +-- proxy-addr@1.0.10
128 silly currentTree +-- pseudomap@1.0.2
128 silly currentTree +-- punycode@1.4.1
128 silly currentTree +-- qs@5.1.0
128 silly currentTree +-- random-int@1.0.0
128 silly currentTree +-- range-parser@1.0.3
128 silly currentTree +-- raw-body@2.1.7
128 silly currentTree | +-- bytes@2.4.0
128 silly currentTree | `-- iconv-lite@0.4.13
128 silly currentTree +-- rc@1.2.8
128 silly currentTree | `-- minimist@1.2.0
128 silly currentTree +-- read-all-stream@3.1.0
128 silly currentTree +-- read-pkg-up@1.0.1
128 silly currentTree +-- read-pkg@1.1.0
128 silly currentTree +-- readable-stream@2.3.6
128 silly currentTree +-- redent@1.0.0
128 silly currentTree +-- registry-url@3.1.0
128 silly currentTree +-- repeat-string@1.6.1
128 silly currentTree +-- repeating@1.1.3
128 silly currentTree +-- request@2.65.0
128 silly currentTree | `-- qs@5.2.1
128 silly currentTree +-- require-all@1.1.0
128 silly currentTree +-- resolve@1.10.0
128 silly currentTree +-- right-align@0.1.3
128 silly currentTree +-- rimraf@2.6.3
128 silly currentTree | `-- glob@7.1.3
128 silly currentTree +-- safe-buffer@5.1.2
128 silly currentTree +-- safer-buffer@2.1.2
128 silly currentTree +-- semver-diff@2.1.0
128 silly currentTree +-- semver@5.6.0
128 silly currentTree +-- send@0.13.0
128 silly currentTree | +-- depd@1.0.1
128 silly currentTree | `-- statuses@1.2.1
128 silly currentTree +-- serve-static@1.10.3
128 silly currentTree | +-- destroy@1.0.4
128 silly currentTree | +-- escape-html@1.0.3
128 silly currentTree | +-- send@0.13.2
128 silly currentTree | `-- statuses@1.2.1
128 silly currentTree +-- sha1@1.1.1
128 silly currentTree +-- shelljs@0.3.0
128 silly currentTree +-- sigmund@1.0.1
128 silly currentTree +-- signal-exit@3.0.2
128 silly currentTree +-- slide@1.1.6
128 silly currentTree +-- sntp@1.0.9
128 silly currentTree +-- source-map@0.5.7
128 silly currentTree +-- spdx-correct@3.1.0
128 silly currentTree +-- spdx-exceptions@2.2.0
128 silly currentTree +-- spdx-expression-parse@3.0.0
128 silly currentTree +-- spdx-license-ids@3.0.3
128 silly currentTree +-- split2@1.0.0
128 silly currentTree +-- sprintf-js@1.1.2
128 silly currentTree +-- sshpk@1.16.1
128 silly currentTree | +-- asn1@0.2.4
128 silly currentTree | `-- assert-plus@1.0.0
128 silly currentTree +-- stack-trace@0.0.9
128 silly currentTree +-- stack-utils@0.4.0
128 silly currentTree +-- statuses@1.5.0
128 silly currentTree +-- stream-shift@1.0.0
128 silly currentTree +-- string_decoder@1.1.1
128 silly currentTree +-- string-length@1.0.1
128 silly currentTree +-- string.prototype.padleft@2.0.0
128 silly currentTree +-- stringify-object@2.3.0
128 silly currentTree +-- stringstream@0.0.6
128 silly currentTree +-- strip-ansi@3.0.1
128 silly currentTree +-- strip-bom@2.0.0
128 silly currentTree +-- strip-indent@1.0.1
128 silly currentTree +-- strip-json-comments@2.0.1
128 silly currentTree +-- supports-color@2.0.0
128 silly currentTree +-- tap-mocha-reporter@2.0.1
128 silly currentTree +-- tap-parser@2.2.3
128 silly currentTree +-- tap@7.1.2
128 silly currentTree | +-- isexe@1.1.2
128 silly currentTree | `-- os-homedir@1.0.1
128 silly currentTree +-- through2@2.0.5
128 silly currentTree +-- timed-out@2.0.0
128 silly currentTree +-- timer2@0.2.3
128 silly currentTree +-- tmatch@2.0.1
128 silly currentTree +-- tough-cookie@2.2.2
128 silly currentTree +-- trim-newlines@1.0.0
128 silly currentTree +-- tunnel-agent@0.4.3
128 silly currentTree +-- tweetnacl@0.14.5
128 silly currentTree +-- type-is@1.6.16
128 silly currentTree +-- typedarray@0.0.6
128 silly currentTree +-- uglify-js@2.8.29
128 silly currentTree +-- uglify-to-browserify@1.0.2
128 silly currentTree +-- underscore.string@3.3.5
128 silly currentTree +-- underscore@1.6.0
128 silly currentTree +-- unicode-length@1.0.3
128 silly currentTree +-- unpipe@1.0.0
128 silly currentTree +-- update-notifier@0.5.0
128 silly currentTree +-- util-deprecate@1.0.2
128 silly currentTree +-- utils-merge@1.0.0
128 silly currentTree +-- uuid@2.0.3
128 silly currentTree +-- uuidv4@0.3.1
128 silly currentTree +-- validate-npm-package-license@3.0.4
128 silly currentTree +-- varname@2.0.0
128 silly currentTree +-- vary@1.0.1
128 silly currentTree +-- verbal-expressions@0.1.2
128 silly currentTree +-- verror@1.10.0
128 silly currentTree | `-- assert-plus@1.0.0
128 silly currentTree +-- which@1.3.1
128 silly currentTree +-- window-size@0.1.0
128 silly currentTree +-- wordwrap@0.0.2
128 silly currentTree +-- wrappy@1.0.2
128 silly currentTree +-- write-file-atomic@1.3.4
128 silly currentTree +-- xdg-basedir@2.0.0
128 silly currentTree +-- xtend@4.0.1
128 silly currentTree +-- yallist@2.1.2
128 silly currentTree `-- yargs@3.10.0
128 silly currentTree   `-- camelcase@1.2.1
129 silly idealTree pockmon-go@1.0.0
129 silly idealTree +-- abbrev@1.1.1
129 silly idealTree +-- accepts@1.2.13
129 silly idealTree +-- align-text@0.1.4
129 silly idealTree +-- ansi-regex@2.1.1
129 silly idealTree +-- ansi-styles@2.2.1
129 silly idealTree +-- argparse@1.0.10
129 silly idealTree | `-- sprintf-js@1.0.3
129 silly idealTree +-- array-find-index@1.0.2
129 silly idealTree +-- array-flatten@1.1.1
129 silly idealTree +-- asn1@0.1.11
129 silly idealTree +-- assert-plus@0.1.5
129 silly idealTree +-- async@2.6.2
129 silly idealTree | `-- lodash@4.17.11
129 silly idealTree +-- asynckit@0.4.0
129 silly idealTree +-- aws-sign2@0.6.0
129 silly idealTree +-- aws4@1.8.0
129 silly idealTree +-- balanced-match@1.0.0
129 silly idealTree +-- bcrypt-pbkdf@1.0.2
129 silly idealTree +-- bl@1.0.3
129 silly idealTree | +-- process-nextick-args@1.0.7
129 silly idealTree | +-- readable-stream@2.0.6
129 silly idealTree | `-- string_decoder@0.10.31
129 silly idealTree +-- bluebird@3.5.3
129 silly idealTree +-- body-parser@1.14.1
129 silly idealTree +-- boom@2.10.1
129 silly idealTree +-- brace-expansion@1.1.11
129 silly idealTree +-- browserify-zlib@0.1.4
129 silly idealTree +-- buffer-from@1.1.1
129 silly idealTree +-- bytes@2.1.0
129 silly idealTree +-- camelcase-keys@2.1.0
129 silly idealTree +-- camelcase@2.1.1
129 silly idealTree +-- caseless@0.11.0
129 silly idealTree +-- center-align@0.1.3
129 silly idealTree +-- chalk@1.1.1
129 silly idealTree +-- charenc@0.0.2
129 silly idealTree +-- clean-yaml-object@0.1.0
129 silly idealTree +-- cli@0.6.6
129 silly idealTree | +-- glob@3.2.11
129 silly idealTree | `-- minimatch@0.3.0
129 silly idealTree +-- cliui@2.1.0
129 silly idealTree +-- coffeescript@1.10.0
129 silly idealTree +-- color-convert@1.9.3
129 silly idealTree +-- color-name@1.1.3
129 silly idealTree +-- color-support@1.1.3
129 silly idealTree +-- colors@1.1.2
129 silly idealTree +-- combined-stream@1.0.7
129 silly idealTree +-- commander@2.19.0
129 silly idealTree +-- concat-map@0.0.1
129 silly idealTree +-- concat-stream@1.6.2
129 silly idealTree +-- configstore@1.4.0
129 silly idealTree +-- console-browserify@1.1.0
129 silly idealTree +-- content-disposition@0.5.0
129 silly idealTree +-- content-type@1.0.4
129 silly idealTree +-- cookie-signature@1.0.6
129 silly idealTree +-- cookie@0.1.3
129 silly idealTree +-- core-util-is@1.0.2
129 silly idealTree +-- coveralls@2.13.3
129 silly idealTree | +-- assert-plus@0.2.0
129 silly idealTree | +-- form-data@2.1.4
129 silly idealTree | +-- http-signature@1.1.1
129 silly idealTree | +-- js-yaml@3.6.1
129 silly idealTree | +-- minimist@1.2.0
129 silly idealTree | +-- qs@6.3.2
129 silly idealTree | +-- request@2.79.0
129 silly idealTree | +-- tough-cookie@2.3.4
129 silly idealTree | `-- uuid@3.3.2
129 silly idealTree +-- cross-spawn@4.0.2
129 silly idealTree | `-- lru-cache@4.1.5
129 silly idealTree +-- crypt@0.0.2
129 silly idealTree +-- cryptiles@2.0.5
129 silly idealTree +-- crypto-js@3.1.9-1
129 silly idealTree +-- ctype@0.5.3
129 silly idealTree +-- currently-unhandled@0.4.1
129 silly idealTree +-- dashdash@1.14.1
129 silly idealTree | `-- assert-plus@1.0.0
129 silly idealTree +-- date-now@0.1.4
129 silly idealTree +-- dateformat@1.0.12
129 silly idealTree +-- debug@2.2.0
129 silly idealTree +-- decamelize@1.2.0
129 silly idealTree +-- deep-extend@0.6.0
129 silly idealTree +-- deeper@2.1.0
129 silly idealTree +-- defekt@0.0.2
129 silly idealTree +-- define-properties@1.1.3
129 silly idealTree +-- delayed-stream@1.0.0
129 silly idealTree +-- depd@1.1.2
129 silly idealTree +-- destroy@1.0.3
129 silly idealTree +-- diff@1.4.0
129 silly idealTree +-- dom-serializer@0.1.1
129 silly idealTree | `-- entities@1.1.2
129 silly idealTree +-- domelementtype@1.3.1
129 silly idealTree +-- domhandler@2.3.0
129 silly idealTree +-- domutils@1.5.1
129 silly idealTree +-- duplexify@3.7.1
129 silly idealTree +-- ecc-jsbn@0.1.2
129 silly idealTree +-- ee-first@1.1.1
129 silly idealTree +-- end-of-stream@1.4.1
129 silly idealTree +-- ensurethat@0.2.2
129 silly idealTree | +-- lodash@3.2.0
129 silly idealTree | `-- require-all@1.0.0
129 silly idealTree +-- entities@1.0.0
129 silly idealTree +-- error-ex@1.3.2
129 silly idealTree +-- es-abstract@1.13.0
129 silly idealTree +-- es-to-primitive@1.2.0
129 silly idealTree +-- escape-html@1.0.2
129 silly idealTree +-- escape-string-regexp@1.0.5
129 silly idealTree +-- esprima@2.7.3
129 silly idealTree +-- etag@1.7.0
129 silly idealTree +-- eventemitter2@0.4.14
129 silly idealTree +-- events-to-array@1.1.2
129 silly idealTree +-- exit@0.1.2
129 silly idealTree +-- express@4.13.3
129 silly idealTree | +-- depd@1.0.1
129 silly idealTree | `-- qs@4.0.0
129 silly idealTree +-- extend@3.0.2
129 silly idealTree +-- extsprintf@1.3.0
129 silly idealTree +-- figures@1.7.0
129 silly idealTree +-- finalhandler@0.4.0
129 silly idealTree +-- find-root@0.1.1
129 silly idealTree +-- find-up@1.1.2
129 silly idealTree +-- findup-sync@0.3.0
129 silly idealTree | `-- glob@5.0.15
129 silly idealTree +-- flaschenpost@0.10.1
129 silly idealTree +-- foreground-child@1.5.6
129 silly idealTree +-- forever-agent@0.6.1
129 silly idealTree +-- form-data@1.0.1
129 silly idealTree +-- forwarded@0.1.2
129 silly idealTree +-- fresh@0.3.0
129 silly idealTree +-- fs.realpath@1.0.0
129 silly idealTree +-- function-bind@1.1.1
129 silly idealTree +-- generate-function@2.3.1
129 silly idealTree +-- generate-object-property@1.2.0
129 silly idealTree +-- get-stdin@4.0.1
129 silly idealTree +-- getobject@0.1.0
129 silly idealTree +-- getpass@0.1.7
129 silly idealTree | `-- assert-plus@1.0.0
129 silly idealTree +-- glob@7.0.6
129 silly idealTree +-- got@3.3.1
129 silly idealTree | `-- object-assign@3.0.0
129 silly idealTree +-- graceful-fs@4.1.15
129 silly idealTree +-- grunt-contrib-jshint@0.10.0
129 silly idealTree +-- grunt-contrib-nodeunit@0.4.1
129 silly idealTree +-- grunt-contrib-uglify@0.5.1
129 silly idealTree | +-- ansi-regex@0.2.1
129 silly idealTree | +-- ansi-styles@1.1.0
129 silly idealTree | +-- chalk@0.5.1
129 silly idealTree | +-- has-ansi@0.1.0
129 silly idealTree | +-- lodash@2.4.2
129 silly idealTree | +-- strip-ansi@0.3.0
129 silly idealTree | `-- supports-color@0.2.0
129 silly idealTree +-- grunt-known-options@1.1.1
129 silly idealTree +-- grunt-legacy-log-utils@2.0.1
129 silly idealTree | +-- ansi-styles@3.2.1
129 silly idealTree | +-- chalk@2.4.2
129 silly idealTree | +-- lodash@4.17.11
129 silly idealTree | `-- supports-color@5.5.0
129 silly idealTree +-- grunt-legacy-log@2.0.0
129 silly idealTree | `-- lodash@4.17.11
129 silly idealTree +-- grunt-legacy-util@1.1.1
129 silly idealTree | +-- async@1.5.2
129 silly idealTree | `-- lodash@4.17.11
129 silly idealTree +-- grunt@1.0.3
129 silly idealTree | +-- grunt-cli@1.2.0
129 silly idealTree | +-- iconv-lite@0.4.24
129 silly idealTree | `-- resolve@1.1.7
129 silly idealTree +-- gzip-size@0.2.0
129 silly idealTree +-- har-validator@2.0.6
129 silly idealTree +-- has-ansi@2.0.0
129 silly idealTree +-- has-flag@3.0.0
129 silly idealTree +-- has-symbols@1.0.0
129 silly idealTree +-- has@1.0.3
129 silly idealTree +-- hawk@3.1.3
129 silly idealTree +-- hoek@2.16.3
129 silly idealTree +-- hooker@0.2.3
129 silly idealTree +-- hosted-git-info@2.7.1
129 silly idealTree +-- htmlparser2@3.8.3
129 silly idealTree | +-- isarray@0.0.1
129 silly idealTree | +-- readable-stream@1.1.14
129 silly idealTree | `-- string_decoder@0.10.31
129 silly idealTree +-- http-errors@1.3.1
129 silly idealTree +-- http-signature@0.11.0
129 silly idealTree +-- iconv-lite@0.4.12
129 silly idealTree +-- imurmurhash@0.1.4
129 silly idealTree +-- indent-string@2.1.0
129 silly idealTree | `-- repeating@2.0.1
129 silly idealTree +-- infinity-agent@2.0.3
129 silly idealTree +-- inflight@1.0.6
129 silly idealTree +-- inherits@2.0.3
129 silly idealTree +-- ini@1.3.5
129 silly idealTree +-- ipaddr.js@1.0.5
129 silly idealTree +-- is-arrayish@0.2.1
129 silly idealTree +-- is-buffer@1.1.6
129 silly idealTree +-- is-callable@1.1.4
129 silly idealTree +-- is-date-object@1.0.1
129 silly idealTree +-- is-finite@1.0.2
129 silly idealTree +-- is-my-ip-valid@1.0.0
129 silly idealTree +-- is-my-json-valid@2.19.0
129 silly idealTree +-- is-npm@1.0.0
129 silly idealTree +-- is-plain-obj@1.1.0
129 silly idealTree +-- is-property@1.0.2
129 silly idealTree +-- is-redirect@1.0.0
129 silly idealTree +-- is-regex@1.0.4
129 silly idealTree +-- is-regexp@1.0.0
129 silly idealTree +-- is-stream@1.1.0
129 silly idealTree +-- is-symbol@1.0.2
129 silly idealTree +-- is-typedarray@1.0.0
129 silly idealTree +-- is-utf8@0.2.1
129 silly idealTree +-- isarray@1.0.0
129 silly idealTree +-- isexe@2.0.0
129 silly idealTree +-- isstream@0.1.2
129 silly idealTree +-- js-yaml@3.5.5
129 silly idealTree +-- jsbn@0.1.1
129 silly idealTree +-- jshint@2.5.11
129 silly idealTree | +-- minimatch@1.0.0
129 silly idealTree | `-- strip-json-comments@1.0.4
129 silly idealTree +-- json-schema@0.2.3
129 silly idealTree +-- json-stringify-safe@5.0.1
129 silly idealTree +-- jsonpointer@4.0.1
129 silly idealTree +-- jsprim@1.4.1
129 silly idealTree | `-- assert-plus@1.0.0
129 silly idealTree +-- kind-of@3.2.2
129 silly idealTree +-- latest-version@1.0.1
129 silly idealTree +-- lazy-cache@1.0.4
129 silly idealTree +-- lcov-parse@0.0.10
129 silly idealTree +-- load-json-file@1.1.0
129 silly idealTree +-- lodash@3.10.1
129 silly idealTree +-- log-driver@1.2.5
129 silly idealTree +-- longest@1.0.1
129 silly idealTree +-- loud-rejection@1.6.0
129 silly idealTree +-- lowercase-keys@1.0.1
129 silly idealTree +-- lru-cache@2.7.3
129 silly idealTree +-- map-obj@1.0.1
129 silly idealTree +-- maxmin@0.2.2
129 silly idealTree | +-- ansi-regex@0.2.1
129 silly idealTree | +-- ansi-styles@1.1.0
129 silly idealTree | +-- chalk@0.5.1
129 silly idealTree | +-- has-ansi@0.1.0
129 silly idealTree | +-- strip-ansi@0.3.0
129 silly idealTree | `-- supports-color@0.2.0
129 silly idealTree +-- media-typer@0.3.0
129 silly idealTree +-- meow@3.7.0
129 silly idealTree | `-- minimist@1.2.0
129 silly idealTree +-- merge-descriptors@1.0.0
129 silly idealTree +-- methods@1.1.2
129 silly idealTree +-- mime-db@1.38.0
129 silly idealTree +-- mime-types@2.1.22
129 silly idealTree +-- mime@1.3.4
129 silly idealTree +-- minimatch@3.0.4
129 silly idealTree +-- minimist@0.0.8
129 silly idealTree +-- mkdirp@0.5.1
129 silly idealTree +-- moment@2.10.6
129 silly idealTree +-- ms@0.7.1
129 silly idealTree +-- nan@2.13.0
129 silly idealTree +-- negotiator@0.5.3
129 silly idealTree +-- nested-error-stacks@1.0.2
129 silly idealTree +-- node-uuid@1.4.8
129 silly idealTree +-- nodeunit@0.9.5
129 silly idealTree +-- nopt@3.0.6
129 silly idealTree +-- normalize-package-data@2.5.0
129 silly idealTree +-- number-is-nan@1.0.1
129 silly idealTree +-- nyc@7.1.0
129 silly idealTree | +-- align-text@0.1.4
129 silly idealTree | +-- amdefine@1.0.0
129 silly idealTree | +-- ansi-regex@2.0.0
129 silly idealTree | +-- ansi-styles@2.2.1
129 silly idealTree | +-- append-transform@0.3.0
129 silly idealTree | +-- arr-diff@2.0.0
129 silly idealTree | +-- arr-flatten@1.0.1
129 silly idealTree | +-- array-unique@0.2.1
129 silly idealTree | +-- arrify@1.0.1
129 silly idealTree | +-- async@1.5.2
129 silly idealTree | +-- babel-code-frame@6.11.0
129 silly idealTree | +-- babel-generator@6.11.4
129 silly idealTree | +-- babel-messages@6.8.0
129 silly idealTree | +-- babel-runtime@6.9.2
129 silly idealTree | +-- babel-template@6.9.0
129 silly idealTree | +-- babel-traverse@6.11.4
129 silly idealTree | +-- babel-types@6.11.1
129 silly idealTree | +-- babylon@6.8.4
129 silly idealTree | +-- balanced-match@0.4.2
129 silly idealTree | +-- brace-expansion@1.1.6
129 silly idealTree | +-- braces@1.8.5
129 silly idealTree | +-- builtin-modules@1.1.1
129 silly idealTree | +-- caching-transform@1.0.1
129 silly idealTree | +-- camelcase@1.2.1
129 silly idealTree | +-- center-align@0.1.3
129 silly idealTree | +-- chalk@1.1.3
129 silly idealTree | +-- cliui@2.1.0
129 silly idealTree | | `-- wordwrap@0.0.2
129 silly idealTree | +-- code-point-at@1.0.0
129 silly idealTree | +-- commondir@1.0.1
129 silly idealTree | +-- concat-map@0.0.1
129 silly idealTree | +-- convert-source-map@1.3.0
129 silly idealTree | +-- core-js@2.4.1
129 silly idealTree | +-- cross-spawn@4.0.0
129 silly idealTree | +-- debug@2.2.0
129 silly idealTree | +-- decamelize@1.2.0
129 silly idealTree | +-- default-require-extensions@1.0.0
129 silly idealTree | +-- detect-indent@3.0.1
129 silly idealTree | | `-- minimist@1.2.0
129 silly idealTree | +-- error-ex@1.3.0
129 silly idealTree | +-- escape-string-regexp@1.0.5
129 silly idealTree | +-- esutils@2.0.2
129 silly idealTree | +-- expand-brackets@0.1.5
129 silly idealTree | +-- expand-range@1.8.2
129 silly idealTree | +-- extglob@0.3.2
129 silly idealTree | +-- filename-regex@2.0.0
129 silly idealTree | +-- fill-range@2.2.3
129 silly idealTree | +-- find-cache-dir@0.1.1
129 silly idealTree | +-- find-up@1.1.2
129 silly idealTree | +-- for-in@0.1.5
129 silly idealTree | +-- for-own@0.1.4
129 silly idealTree | +-- foreground-child@1.5.3
129 silly idealTree | +-- fs.realpath@1.0.0
129 silly idealTree | +-- get-caller-file@1.0.1
129 silly idealTree | +-- get-stdin@4.0.1
129 silly idealTree | +-- glob-base@0.3.0
129 silly idealTree | +-- glob-parent@2.0.0
129 silly idealTree | +-- glob@7.0.5
129 silly idealTree | +-- globals@8.18.0
129 silly idealTree | +-- graceful-fs@4.1.4
129 silly idealTree | +-- handlebars@4.0.5
129 silly idealTree | | `-- source-map@0.4.4
129 silly idealTree | +-- has-ansi@2.0.0
129 silly idealTree | +-- has-flag@1.0.0
129 silly idealTree | +-- hosted-git-info@2.1.5
129 silly idealTree | +-- imurmurhash@0.1.4
129 silly idealTree | +-- inflight@1.0.5
129 silly idealTree | +-- inherits@2.0.1
129 silly idealTree | +-- invariant@2.2.1
129 silly idealTree | +-- invert-kv@1.0.0
129 silly idealTree | +-- is-arrayish@0.2.1
129 silly idealTree | +-- is-buffer@1.1.3
129 silly idealTree | +-- is-builtin-module@1.0.0
129 silly idealTree | +-- is-dotfile@1.0.2
129 silly idealTree | +-- is-equal-shallow@0.1.3
129 silly idealTree | +-- is-extendable@0.1.1
129 silly idealTree | +-- is-extglob@1.0.0
129 silly idealTree | +-- is-finite@1.0.1
129 silly idealTree | +-- is-fullwidth-code-point@1.0.0
129 silly idealTree | +-- is-glob@2.0.1
129 silly idealTree | +-- is-number@2.1.0
129 silly idealTree | +-- is-posix-bracket@0.1.1
129 silly idealTree | +-- is-primitive@2.0.0
129 silly idealTree | +-- is-utf8@0.2.1
129 silly idealTree | +-- isarray@1.0.0
129 silly idealTree | +-- isexe@1.1.2
129 silly idealTree | +-- isobject@2.1.0
129 silly idealTree | +-- istanbul-lib-coverage@1.0.0-alpha.4
129 silly idealTree | +-- istanbul-lib-hook@1.0.0-alpha.4
129 silly idealTree | +-- istanbul-lib-instrument@1.1.0-alpha.4
129 silly idealTree | +-- istanbul-lib-report@1.0.0-alpha.3
129 silly idealTree | | `-- supports-color@3.1.2
129 silly idealTree | +-- istanbul-lib-source-maps@1.0.0-alpha.10
129 silly idealTree | +-- istanbul-reports@1.0.0-alpha.8
129 silly idealTree | +-- js-tokens@2.0.0
129 silly idealTree | +-- kind-of@3.0.3
129 silly idealTree | +-- lazy-cache@1.0.4
129 silly idealTree | +-- lcid@1.0.0
129 silly idealTree | +-- load-json-file@1.1.0
129 silly idealTree | +-- lodash.assign@4.0.9
129 silly idealTree | +-- lodash.keys@4.0.7
129 silly idealTree | +-- lodash.rest@4.0.3
129 silly idealTree | +-- lodash@4.13.1
129 silly idealTree | +-- longest@1.0.1
129 silly idealTree | +-- loose-envify@1.2.0
129 silly idealTree | | `-- js-tokens@1.0.3
129 silly idealTree | +-- lru-cache@4.0.1
129 silly idealTree | +-- md5-hex@1.3.0
129 silly idealTree | +-- md5-o-matic@0.1.1
129 silly idealTree | +-- micromatch@2.3.11
129 silly idealTree | +-- minimatch@3.0.2
129 silly idealTree | +-- minimist@0.0.8
129 silly idealTree | +-- mkdirp@0.5.1
129 silly idealTree | +-- ms@0.7.1
129 silly idealTree | +-- normalize-package-data@2.3.5
129 silly idealTree | +-- normalize-path@2.0.1
129 silly idealTree | +-- number-is-nan@1.0.0
129 silly idealTree | +-- object.omit@2.0.0
129 silly idealTree | +-- once@1.3.3
129 silly idealTree | +-- optimist@0.6.1
129 silly idealTree | +-- os-homedir@1.0.1
129 silly idealTree | +-- os-locale@1.4.0
129 silly idealTree | +-- parse-glob@3.0.4
129 silly idealTree | +-- parse-json@2.2.0
129 silly idealTree | +-- path-exists@2.1.0
129 silly idealTree | +-- path-is-absolute@1.0.0
129 silly idealTree | +-- path-parse@1.0.5
129 silly idealTree | +-- path-type@1.1.0
129 silly idealTree | +-- pify@2.3.0
129 silly idealTree | +-- pinkie-promise@2.0.1
129 silly idealTree | +-- pinkie@2.0.4
129 silly idealTree | +-- pkg-dir@1.0.0
129 silly idealTree | +-- pkg-up@1.0.0
129 silly idealTree | +-- preserve@0.2.0
129 silly idealTree | +-- pseudomap@1.0.2
129 silly idealTree | +-- randomatic@1.1.5
129 silly idealTree | +-- read-pkg-up@1.0.1
129 silly idealTree | +-- read-pkg@1.1.0
129 silly idealTree | +-- regenerator-runtime@0.9.5
129 silly idealTree | +-- regex-cache@0.4.3
129 silly idealTree | +-- repeat-element@1.1.2
129 silly idealTree | +-- repeat-string@1.5.4
129 silly idealTree | +-- repeating@1.1.3
129 silly idealTree | +-- require-directory@2.1.1
129 silly idealTree | +-- require-main-filename@1.0.1
129 silly idealTree | +-- resolve-from@2.0.0
129 silly idealTree | +-- right-align@0.1.3
129 silly idealTree | +-- rimraf@2.5.4
129 silly idealTree | +-- semver@5.3.0
129 silly idealTree | +-- set-blocking@2.0.0
129 silly idealTree | +-- signal-exit@3.0.0
129 silly idealTree | +-- slide@1.1.6
129 silly idealTree | +-- source-map@0.5.6
129 silly idealTree | +-- spawn-wrap@1.2.4
129 silly idealTree | | `-- signal-exit@2.1.2
129 silly idealTree | +-- spdx-correct@1.0.2
129 silly idealTree | +-- spdx-exceptions@1.0.5
129 silly idealTree | +-- spdx-expression-parse@1.0.2
129 silly idealTree | +-- spdx-license-ids@1.2.1
129 silly idealTree | +-- string-width@1.0.1
129 silly idealTree | +-- strip-ansi@3.0.1
129 silly idealTree | +-- strip-bom@2.0.0
129 silly idealTree | +-- supports-color@2.0.0
129 silly idealTree | +-- test-exclude@1.1.0
129 silly idealTree | +-- to-fast-properties@1.0.2
129 silly idealTree | +-- uglify-js@2.7.0
129 silly idealTree | | +-- async@0.2.10
129 silly idealTree | | `-- yargs@3.10.0
129 silly idealTree | +-- uglify-to-browserify@1.0.2
129 silly idealTree | +-- validate-npm-package-license@3.0.1
129 silly idealTree | +-- which-module@1.0.0
129 silly idealTree | +-- which@1.2.10
129 silly idealTree | +-- window-size@0.1.0
129 silly idealTree | +-- wordwrap@0.0.3
129 silly idealTree | +-- wrap-ansi@2.0.0
129 silly idealTree | +-- wrappy@1.0.2
129 silly idealTree | +-- write-file-atomic@1.1.4
129 silly idealTree | +-- y18n@3.2.1
129 silly idealTree | +-- yallist@2.0.0
129 silly idealTree | +-- yargs-parser@2.4.1
129 silly idealTree | | `-- camelcase@3.0.0
129 silly idealTree | `-- yargs@4.8.1
129 silly idealTree |   +-- cliui@3.2.0
129 silly idealTree |   `-- window-size@0.2.0
129 silly idealTree +-- oauth-sign@0.8.2
129 silly idealTree +-- object-assign@4.1.1
129 silly idealTree +-- object-keys@1.1.0
129 silly idealTree +-- on-finished@2.3.0
129 silly idealTree +-- once@1.4.0
129 silly idealTree +-- only-shallow@1.2.0
129 silly idealTree +-- opener@1.5.1
129 silly idealTree +-- os-homedir@1.0.2
129 silly idealTree +-- os-tmpdir@1.0.2
129 silly idealTree +-- osenv@0.1.5
129 silly idealTree +-- p2p@0.10.2
129 silly idealTree +-- package-json@1.2.0
129 silly idealTree +-- pako@0.2.9
129 silly idealTree +-- parse-duration@0.1.1
129 silly idealTree +-- parse-json@2.2.0
129 silly idealTree +-- parseurl@1.3.2
129 silly idealTree +-- path-exists@2.1.0
129 silly idealTree +-- path-is-absolute@1.0.1
129 silly idealTree +-- path-parse@1.0.6
129 silly idealTree +-- path-to-regexp@0.1.7
129 silly idealTree +-- path-type@1.1.0
129 silly idealTree +-- pify@2.3.0
129 silly idealTree +-- pinkie-promise@2.0.1
129 silly idealTree +-- pinkie@2.0.4
129 silly idealTree +-- prepend-http@1.0.4
129 silly idealTree +-- pretty-bytes@0.1.2
129 silly idealTree +-- process-nextick-args@2.0.0
129 silly idealTree +-- processenv@0.1.0
129 silly idealTree +-- proxy-addr@1.0.10
129 silly idealTree +-- pseudomap@1.0.2
129 silly idealTree +-- punycode@1.4.1
129 silly idealTree +-- qs@5.1.0
129 silly idealTree +-- random-int@1.0.0
129 silly idealTree +-- range-parser@1.0.3
129 silly idealTree +-- raw-body@2.1.7
129 silly idealTree | +-- bytes@2.4.0
129 silly idealTree | `-- iconv-lite@0.4.13
129 silly idealTree +-- rc@1.2.8
129 silly idealTree | `-- minimist@1.2.0
129 silly idealTree +-- read-all-stream@3.1.0
129 silly idealTree +-- read-pkg-up@1.0.1
129 silly idealTree +-- read-pkg@1.1.0
129 silly idealTree +-- readable-stream@2.3.6
129 silly idealTree +-- redent@1.0.0
129 silly idealTree +-- registry-url@3.1.0
129 silly idealTree +-- repeat-string@1.6.1
129 silly idealTree +-- repeating@1.1.3
129 silly idealTree +-- request@2.65.0
129 silly idealTree | `-- qs@5.2.1
129 silly idealTree +-- require-all@1.1.0
129 silly idealTree +-- resolve@1.10.0
129 silly idealTree +-- right-align@0.1.3
129 silly idealTree +-- rimraf@2.6.3
129 silly idealTree | `-- glob@7.1.3
129 silly idealTree +-- safe-buffer@5.1.2
129 silly idealTree +-- safer-buffer@2.1.2
129 silly idealTree +-- semver-diff@2.1.0
129 silly idealTree +-- semver@5.6.0
129 silly idealTree +-- send@0.13.0
129 silly idealTree | +-- depd@1.0.1
129 silly idealTree | `-- statuses@1.2.1
129 silly idealTree +-- serve-static@1.10.3
129 silly idealTree | +-- destroy@1.0.4
129 silly idealTree | +-- escape-html@1.0.3
129 silly idealTree | +-- send@0.13.2
129 silly idealTree | `-- statuses@1.2.1
129 silly idealTree +-- sha1@1.1.1
129 silly idealTree +-- shelljs@0.3.0
129 silly idealTree +-- sigmund@1.0.1
129 silly idealTree +-- signal-exit@3.0.2
129 silly idealTree +-- sleep@6.0.0
129 silly idealTree +-- slide@1.1.6
129 silly idealTree +-- sntp@1.0.9
129 silly idealTree +-- source-map@0.5.7
129 silly idealTree +-- spdx-correct@3.1.0
129 silly idealTree +-- spdx-exceptions@2.2.0
129 silly idealTree +-- spdx-expression-parse@3.0.0
129 silly idealTree +-- spdx-license-ids@3.0.3
129 silly idealTree +-- split2@1.0.0
129 silly idealTree +-- sprintf-js@1.1.2
129 silly idealTree +-- sshpk@1.16.1
129 silly idealTree | +-- asn1@0.2.4
129 silly idealTree | `-- assert-plus@1.0.0
129 silly idealTree +-- stack-trace@0.0.9
129 silly idealTree +-- stack-utils@0.4.0
129 silly idealTree +-- statuses@1.5.0
129 silly idealTree +-- stream-shift@1.0.0
129 silly idealTree +-- string_decoder@1.1.1
129 silly idealTree +-- string-length@1.0.1
129 silly idealTree +-- string.prototype.padleft@2.0.0
129 silly idealTree +-- stringify-object@2.3.0
129 silly idealTree +-- stringstream@0.0.6
129 silly idealTree +-- strip-ansi@3.0.1
129 silly idealTree +-- strip-bom@2.0.0
129 silly idealTree +-- strip-indent@1.0.1
129 silly idealTree +-- strip-json-comments@2.0.1
129 silly idealTree +-- supports-color@2.0.0
129 silly idealTree +-- tap-mocha-reporter@2.0.1
129 silly idealTree +-- tap-parser@2.2.3
129 silly idealTree +-- tap@7.1.2
129 silly idealTree | +-- isexe@1.1.2
129 silly idealTree | `-- os-homedir@1.0.1
129 silly idealTree +-- through2@2.0.5
129 silly idealTree +-- timed-out@2.0.0
129 silly idealTree +-- timer2@0.2.3
129 silly idealTree +-- tmatch@2.0.1
129 silly idealTree +-- tough-cookie@2.2.2
129 silly idealTree +-- trim-newlines@1.0.0
129 silly idealTree +-- tunnel-agent@0.4.3
129 silly idealTree +-- tweetnacl@0.14.5
129 silly idealTree +-- type-is@1.6.16
129 silly idealTree +-- typedarray@0.0.6
129 silly idealTree +-- uglify-js@2.8.29
129 silly idealTree +-- uglify-to-browserify@1.0.2
129 silly idealTree +-- underscore.string@3.3.5
129 silly idealTree +-- underscore@1.6.0
129 silly idealTree +-- unicode-length@1.0.3
129 silly idealTree +-- unpipe@1.0.0
129 silly idealTree +-- update-notifier@0.5.0
129 silly idealTree +-- util-deprecate@1.0.2
129 silly idealTree +-- utils-merge@1.0.0
129 silly idealTree +-- uuid@2.0.3
129 silly idealTree +-- uuidv4@0.3.1
129 silly idealTree +-- validate-npm-package-license@3.0.4
129 silly idealTree +-- varname@2.0.0
129 silly idealTree +-- vary@1.0.1
129 silly idealTree +-- verbal-expressions@0.1.2
129 silly idealTree +-- verror@1.10.0
129 silly idealTree | `-- assert-plus@1.0.0
129 silly idealTree +-- which@1.3.1
129 silly idealTree +-- window-size@0.1.0
129 silly idealTree +-- wordwrap@0.0.2
129 silly idealTree +-- wrappy@1.0.2
129 silly idealTree +-- write-file-atomic@1.3.4
129 silly idealTree +-- xdg-basedir@2.0.0
129 silly idealTree +-- xtend@4.0.1
129 silly idealTree +-- yallist@2.1.2
129 silly idealTree `-- yargs@3.10.0
129 silly idealTree   `-- camelcase@1.2.1
130 silly generateActionsToTake Starting
131 silly install generateActionsToTake
132 silly generateActionsToTake Finishing
133 silly diffTrees action count 2
134 silly diffTrees add nan@2.13.0
135 silly diffTrees add sleep@6.0.0
136 silly decomposeActions action count 16
137 silly decomposeActions fetch nan@2.13.0
138 silly decomposeActions extract nan@2.13.0
139 silly decomposeActions test nan@2.13.0
140 silly decomposeActions preinstall nan@2.13.0
141 silly decomposeActions build nan@2.13.0
142 silly decomposeActions install nan@2.13.0
143 silly decomposeActions postinstall nan@2.13.0
144 silly decomposeActions finalize nan@2.13.0
145 silly decomposeActions fetch sleep@6.0.0
146 silly decomposeActions extract sleep@6.0.0
147 silly decomposeActions test sleep@6.0.0
148 silly decomposeActions preinstall sleep@6.0.0
149 silly decomposeActions build sleep@6.0.0
150 silly decomposeActions install sleep@6.0.0
151 silly decomposeActions postinstall sleep@6.0.0
152 silly decomposeActions finalize sleep@6.0.0
153 silly executeActions Starting
154 silly install executeActions
155 silly doSerial global-install 0
156 silly doParallel fetch 2
157 verbose correctMkdir C:\Users\董浩\AppData\Roaming\npm-cache\_locks correctMkdir not in flight; initializing
158 verbose lock using C:\Users\董浩\AppData\Roaming\npm-cache\_locks\staging-781ad923aeb0a4fb.lock for D:\pockmon-go\node_modules\.staging
159 silly doParallel extract 2
160 silly extract nan@2.13.0
161 silly extract sleep@6.0.0
162 verbose unbuild node_modules\.staging\sleep-9b557aab
163 verbose unbuild node_modules\.staging\nan-0a2fb924
164 silly gentlyRm D:\pockmon-go\node_modules\.staging\sleep-9b557aab is being purged from base D:\pockmon-go
165 verbose gentlyRm don't care about contents; nuking D:\pockmon-go\node_modules\.staging\sleep-9b557aab
166 silly gentlyRm D:\pockmon-go\node_modules\.staging\nan-0a2fb924 is being purged from base D:\pockmon-go
167 verbose gentlyRm don't care about contents; nuking D:\pockmon-go\node_modules\.staging\nan-0a2fb924
168 verbose tar unpack C:\Users\董浩\AppData\Roaming\npm-cache\sleep\6.0.0\package.tgz
169 verbose tar unpacking to D:\pockmon-go\node_modules\.staging\sleep-9b557aab
170 silly gentlyRm D:\pockmon-go\node_modules\.staging\sleep-9b557aab is being purged
171 verbose gentlyRm don't care about contents; nuking D:\pockmon-go\node_modules\.staging\sleep-9b557aab
172 verbose tar unpack C:\Users\董浩\AppData\Roaming\npm-cache\nan\2.13.0\package.tgz
173 verbose tar unpacking to D:\pockmon-go\node_modules\.staging\nan-0a2fb924
174 silly gentlyRm D:\pockmon-go\node_modules\.staging\nan-0a2fb924 is being purged
175 verbose gentlyRm don't care about contents; nuking D:\pockmon-go\node_modules\.staging\nan-0a2fb924
176 silly gunzTarPerm modes [ '777', '666' ]
177 silly gunzTarPerm modes [ '777', '666' ]
178 silly gunzTarPerm extractEntry package.json
179 silly gunzTarPerm modified mode [ 'package.json', 436, 438 ]
180 silly gunzTarPerm extractEntry package.json
181 silly gunzTarPerm modified mode [ 'package.json', 436, 438 ]
182 silly gunzTarPerm extractEntry CHANGELOG.md
183 silly gunzTarPerm modified mode [ 'CHANGELOG.md', 436, 438 ]
184 silly gunzTarPerm extractEntry include_dirs.js
185 silly gunzTarPerm modified mode [ 'include_dirs.js', 436, 438 ]
186 silly gunzTarPerm extractEntry .travis.yml
187 silly gunzTarPerm modified mode [ '.travis.yml', 436, 438 ]
188 silly gunzTarPerm extractEntry appveyor.yml
189 silly gunzTarPerm modified mode [ 'appveyor.yml', 436, 438 ]
190 silly gunzTarPerm extractEntry LICENSE.md
191 silly gunzTarPerm modified mode [ 'LICENSE.md', 436, 438 ]
192 silly gunzTarPerm extractEntry nan_callbacks_12_inl.h
193 silly gunzTarPerm modified mode [ 'nan_callbacks_12_inl.h', 436, 438 ]
194 silly gunzTarPerm extractEntry nan_callbacks_pre_12_inl.h
195 silly gunzTarPerm modified mode [ 'nan_callbacks_pre_12_inl.h', 436, 438 ]
196 silly gunzTarPerm extractEntry binding.gyp
197 silly gunzTarPerm modified mode [ 'binding.gyp', 436, 438 ]
198 silly gunzTarPerm extractEntry index.js
199 silly gunzTarPerm modified mode [ 'index.js', 436, 438 ]
200 silly gunzTarPerm extractEntry nan_callbacks.h
201 silly gunzTarPerm modified mode [ 'nan_callbacks.h', 436, 438 ]
202 silly gunzTarPerm extractEntry LICENSE.txt
203 silly gunzTarPerm modified mode [ 'LICENSE.txt', 436, 438 ]
204 silly gunzTarPerm extractEntry module_init.cc
205 silly gunzTarPerm modified mode [ 'module_init.cc', 436, 438 ]
206 silly gunzTarPerm extractEntry nan_converters_43_inl.h
207 silly gunzTarPerm modified mode [ 'nan_converters_43_inl.h', 436, 438 ]
208 silly gunzTarPerm extractEntry nan_converters_pre_43_inl.h
209 silly gunzTarPerm modified mode [ 'nan_converters_pre_43_inl.h', 436, 438 ]
210 silly gunzTarPerm extractEntry README.md
211 silly gunzTarPerm modified mode [ 'README.md', 436, 438 ]
212 silly gunzTarPerm extractEntry sleep_cpp11.cc
213 silly gunzTarPerm modified mode [ 'sleep_cpp11.cc', 436, 438 ]
214 silly gunzTarPerm extractEntry nan_converters.h
215 silly gunzTarPerm modified mode [ 'nan_converters.h', 436, 438 ]
216 silly gunzTarPerm extractEntry nan_define_own_property_helper.h
217 silly gunzTarPerm modified mode [ 'nan_define_own_property_helper.h', 436, 438 ]
218 silly gunzTarPerm extractEntry sleep_posix.cc
219 silly gunzTarPerm modified mode [ 'sleep_posix.cc', 436, 438 ]
220 silly gunzTarPerm extractEntry sleep_win.cc
221 silly gunzTarPerm modified mode [ 'sleep_win.cc', 436, 438 ]
222 silly gunzTarPerm extractEntry nan_implementation_12_inl.h
223 silly gunzTarPerm modified mode [ 'nan_implementation_12_inl.h', 436, 438 ]
224 silly gunzTarPerm extractEntry nan_implementation_pre_12_inl.h
225 silly gunzTarPerm modified mode [ 'nan_implementation_pre_12_inl.h', 436, 438 ]
226 silly gunzTarPerm extractEntry nan_json.h
227 silly gunzTarPerm modified mode [ 'nan_json.h', 436, 438 ]
228 silly gunzTarPerm extractEntry nan_maybe_43_inl.h
229 silly gunzTarPerm modified mode [ 'nan_maybe_43_inl.h', 436, 438 ]
230 silly gunzTarPerm extractEntry sleep.h
231 silly gunzTarPerm modified mode [ 'sleep.h', 436, 438 ]
232 silly gunzTarPerm extractEntry test.js
233 silly gunzTarPerm modified mode [ 'test.js', 436, 438 ]
234 silly gunzTarPerm extractEntry nan_maybe_pre_43_inl.h
235 silly gunzTarPerm modified mode [ 'nan_maybe_pre_43_inl.h', 436, 438 ]
236 silly gunzTarPerm extractEntry nan_new.h
237 silly gunzTarPerm modified mode [ 'nan_new.h', 436, 438 ]
238 silly gunzTarPerm extractEntry nan_object_wrap.h
239 silly gunzTarPerm modified mode [ 'nan_object_wrap.h', 436, 438 ]
240 silly gunzTarPerm extractEntry nan_persistent_12_inl.h
241 silly gunzTarPerm modified mode [ 'nan_persistent_12_inl.h', 436, 438 ]
242 silly gunzTarPerm extractEntry nan_persistent_pre_12_inl.h
243 silly gunzTarPerm modified mode [ 'nan_persistent_pre_12_inl.h', 436, 438 ]
244 silly gunzTarPerm extractEntry nan_private.h
245 silly gunzTarPerm modified mode [ 'nan_private.h', 436, 438 ]
246 silly gunzTarPerm extractEntry nan_string_bytes.h
247 silly gunzTarPerm modified mode [ 'nan_string_bytes.h', 436, 438 ]
248 silly gunzTarPerm extractEntry nan_typedarray_contents.h
249 silly gunzTarPerm modified mode [ 'nan_typedarray_contents.h', 436, 438 ]
250 silly gunzTarPerm extractEntry nan_weak.h
251 silly gunzTarPerm modified mode [ 'nan_weak.h', 436, 438 ]
252 silly gunzTarPerm extractEntry nan.h
253 silly gunzTarPerm modified mode [ 'nan.h', 436, 438 ]
254 silly gunzTarPerm extractEntry README.md
255 silly gunzTarPerm modified mode [ 'README.md', 436, 438 ]
256 silly gunzTarPerm extractEntry doc/asyncworker.md
257 silly gunzTarPerm modified mode [ 'doc/asyncworker.md', 436, 438 ]
258 silly gunzTarPerm extractEntry doc/buffers.md
259 silly gunzTarPerm modified mode [ 'doc/buffers.md', 436, 438 ]
260 silly gunzTarPerm extractEntry doc/callback.md
261 silly gunzTarPerm modified mode [ 'doc/callback.md', 436, 438 ]
262 silly gunzTarPerm extractEntry doc/converters.md
263 silly gunzTarPerm modified mode [ 'doc/converters.md', 436, 438 ]
264 silly gunzTarPerm extractEntry doc/errors.md
265 silly gunzTarPerm modified mode [ 'doc/errors.md', 436, 438 ]
266 silly gunzTarPerm extractEntry doc/json.md
267 silly gunzTarPerm modified mode [ 'doc/json.md', 436, 438 ]
268 silly gunzTarPerm extractEntry doc/maybe_types.md
269 silly gunzTarPerm modified mode [ 'doc/maybe_types.md', 436, 438 ]
270 silly gunzTarPerm extractEntry doc/methods.md
271 silly gunzTarPerm modified mode [ 'doc/methods.md', 436, 438 ]
272 silly gentlyRm D:\pockmon-go\node_modules\.staging\sleep-9b557aab\node_modules is being purged
273 verbose gentlyRm don't care about contents; nuking D:\pockmon-go\node_modules\.staging\sleep-9b557aab\node_modules
274 silly gunzTarPerm extractEntry doc/new.md
275 silly gunzTarPerm modified mode [ 'doc/new.md', 436, 438 ]
276 silly gunzTarPerm extractEntry doc/node_misc.md
277 silly gunzTarPerm modified mode [ 'doc/node_misc.md', 436, 438 ]
278 silly gunzTarPerm extractEntry doc/object_wrappers.md
279 silly gunzTarPerm modified mode [ 'doc/object_wrappers.md', 436, 438 ]
280 silly gunzTarPerm extractEntry doc/persistent.md
281 silly gunzTarPerm modified mode [ 'doc/persistent.md', 436, 438 ]
282 silly gunzTarPerm extractEntry doc/scopes.md
283 silly gunzTarPerm modified mode [ 'doc/scopes.md', 436, 438 ]
284 silly gunzTarPerm extractEntry doc/script.md
285 silly gunzTarPerm modified mode [ 'doc/script.md', 436, 438 ]
286 silly gunzTarPerm extractEntry doc/string_bytes.md
287 silly gunzTarPerm modified mode [ 'doc/string_bytes.md', 436, 438 ]
288 silly gunzTarPerm extractEntry doc/v8_internals.md
289 silly gunzTarPerm modified mode [ 'doc/v8_internals.md', 436, 438 ]
290 silly gunzTarPerm extractEntry doc/v8_misc.md
291 silly gunzTarPerm modified mode [ 'doc/v8_misc.md', 436, 438 ]
292 silly gunzTarPerm extractEntry tools/1to2.js
293 silly gunzTarPerm modified mode [ 'tools/1to2.js', 509, 511 ]
294 silly gunzTarPerm extractEntry tools/package.json
295 silly gunzTarPerm modified mode [ 'tools/package.json', 436, 438 ]
296 silly gunzTarPerm extractEntry tools/README.md
297 silly gunzTarPerm modified mode [ 'tools/README.md', 436, 438 ]
298 silly gentlyRm D:\pockmon-go\node_modules\.staging\nan-0a2fb924\node_modules is being purged
299 verbose gentlyRm don't care about contents; nuking D:\pockmon-go\node_modules\.staging\nan-0a2fb924\node_modules
300 silly doParallel preinstall 2
301 silly preinstall nan@2.13.0 D:\pockmon-go\node_modules\.staging\nan-0a2fb924
302 info lifecycle nan@2.13.0~preinstall: nan@2.13.0
303 silly preinstall sleep@6.0.0 D:\pockmon-go\node_modules\.staging\sleep-9b557aab
304 info lifecycle sleep@6.0.0~preinstall: sleep@6.0.0
305 silly lifecycle nan@2.13.0~preinstall: no script for preinstall, continuing
306 silly lifecycle sleep@6.0.0~preinstall: no script for preinstall, continuing
307 silly doReverseSerial remove 0
308 silly doSerial move 0
309 silly doSerial finalize 2
310 silly finalize D:\pockmon-go\node_modules\nan
311 silly finalize D:\pockmon-go\node_modules\sleep
312 silly doSerial build 2
313 silly build nan@2.13.0
314 info linkStuff nan@2.13.0
315 silly linkStuff nan@2.13.0 has D:\pockmon-go\node_modules as its parent node_modules
316 verbose linkBins nan@2.13.0
317 verbose linkMans nan@2.13.0
318 silly build sleep@6.0.0
319 info linkStuff sleep@6.0.0
320 silly linkStuff sleep@6.0.0 has D:\pockmon-go\node_modules as its parent node_modules
321 verbose linkBins sleep@6.0.0
322 verbose linkMans sleep@6.0.0
323 silly doSerial global-link 0
324 silly doParallel update-linked 0
325 silly doSerial install 2
326 silly install nan@2.13.0 D:\pockmon-go\node_modules\.staging\nan-0a2fb924
327 info lifecycle nan@2.13.0~install: nan@2.13.0
328 silly lifecycle nan@2.13.0~install: no script for install, continuing
329 silly install sleep@6.0.0 D:\pockmon-go\node_modules\.staging\sleep-9b557aab
330 info lifecycle sleep@6.0.0~install: sleep@6.0.0
331 verbose lifecycle sleep@6.0.0~install: unsafe-perm in lifecycle true
332 verbose lifecycle sleep@6.0.0~install: PATH: D:\nvm\v6.4.0\node_modules\npm\bin\node-gyp-bin;D:\pockmon-go\node_modules\sleep\node_modules\.bin;D:\pockmon-go\node_modules\.bin;D:\nvm\nodejs;E:\xshell6\;C:\Program Files (x86)\Common Files\Oracle\Java\javapath;C:\WINDOWS\system32;C:\WINDOWS;C:\WINDOWS\System32\Wbem;C:\WINDOWS\System32\WindowsPowerShell\v1.0\;C:\Program Files (x86)\NVIDIA Corporation\PhysX\Common;E:\python\;E:\python\Scripts\;C:\Program Files (x86)\Yarn\bin\;D:\nvm;D:\nvm\nodejs;C:\WINDOWS\system32;C:\WINDOWS;C:\WINDOWS\System32\Wbem;C:\WINDOWS\System32\WindowsPowerShell\v1.0\;C:\WINDOWS\System32\OpenSSH\;E:\MATLAB\runtime\win64;E:\MATLAB\bin;E:\Git\mingw32\bin\;C:\Go\bin;C:\Python27;D:\GOPATH;C:\Users\董浩\go;;C:\Go\;C:\Program Files\Intel\WiFi\bin\;C:\Program Files\Common Files\Intel\WirelessCommon\;C:\Program Files\NVIDIA Corporation\NVIDIA NvDLISR;C:\Users\董浩\AppData\Local\Microsoft\WindowsApps;C:\Program Files\Intel\WiFi\bin\;C:\Program Files\Common Files\Intel\WirelessCommon\;C:\Users\董浩\AppData\Local\Yarn\bin;D:\nvm;C:\Users\董浩\AppData\Local\Programs\Microsoft VS Code\bin;
333 verbose lifecycle sleep@6.0.0~install: CWD: D:\pockmon-go\node_modules\sleep
334 silly lifecycle sleep@6.0.0~install: Args: [ '/d /s /c', 'node-gyp rebuild' ]
335 silly lifecycle sleep@6.0.0~install: Returned: code: 1  signal: null
336 info lifecycle sleep@6.0.0~install: Failed to exec install script
337 verbose unlock done using C:\Users\董浩\AppData\Roaming\npm-cache\_locks\staging-781ad923aeb0a4fb.lock for D:\pockmon-go\node_modules\.staging
338 silly rollbackFailedOptional Starting
339 silly rollbackFailedOptional Finishing
340 silly runTopLevelLifecycles Starting
341 silly runTopLevelLifecycles Finishing
342 silly install printInstalled
343 warn grunt-contrib-jshint@0.10.0 requires a peer of grunt@~0.4.0 but none was installed.
344 warn grunt-contrib-nodeunit@0.4.1 requires a peer of grunt@~0.4.0 but none was installed.
345 warn grunt-contrib-uglify@0.5.1 requires a peer of grunt@~0.4.0 but none was installed.
346 verbose stack Error: sleep@6.0.0 install: `node-gyp rebuild`
346 verbose stack Exit status 1
346 verbose stack     at EventEmitter.<anonymous> (D:\nvm\v6.4.0\node_modules\npm\lib\utils\lifecycle.js:242:16)
346 verbose stack     at emitTwo (events.js:106:13)
346 verbose stack     at EventEmitter.emit (events.js:191:7)
346 verbose stack     at ChildProcess.<anonymous> (D:\nvm\v6.4.0\node_modules\npm\lib\utils\spawn.js:40:14)
346 verbose stack     at emitTwo (events.js:106:13)
346 verbose stack     at ChildProcess.emit (events.js:191:7)
346 verbose stack     at maybeClose (internal/child_process.js:852:16)
346 verbose stack     at Process.ChildProcess._handle.onexit (internal/child_process.js:215:5)
347 verbose pkgid sleep@6.0.0
348 verbose cwd D:\pockmon-go
349 error Windows_NT 10.0.17134
350 error argv "D:\\nvm\\nodejs\\node.exe" "D:\\nvm\\nodejs\\node_modules\\npm\\bin\\npm-cli.js" "install" "sleep"
351 error node v6.4.0
352 error npm  v3.10.3
353 error code ELIFECYCLE
354 error sleep@6.0.0 install: `node-gyp rebuild`
354 error Exit status 1
355 error Failed at the sleep@6.0.0 install script 'node-gyp rebuild'.
355 error Make sure you have the latest version of node.js and npm installed.
355 error If you do, this is most likely a problem with the sleep package,
355 error not with npm itself.
355 error Tell the author that this fails on your system:
355 error     node-gyp rebuild
355 error You can get information on how to open an issue for this project with:
355 error     npm bugs sleep
355 error Or if that isn't available, you can get their info via:
355 error     npm owner ls sleep
355 error There is likely additional logging output above.
356 verbose exit [ 1, true ]
